{
  "uid" : "8a200f2d5d93d444",
  "name" : "test_listallelements",
  "fullName" : "src.tests.automation.test_listallelements#test_listallelements",
  "historyId" : "e567a95de508dd5bf0cfbffbadbd97ba",
  "time" : {
    "start" : 1628606552897,
    "stop" : 1628606565610,
    "duration" : 12713
  },
  "status" : "broken",
  "statusMessage" : "IndexError: list index out of range",
  "statusTrace" : "def test_listallelements():\n    \n        chrome_options = Options()\n        chrome_options.add_argument('--no-sandbox')\n        chrome_options.add_argument('--headless')\n        chrome_options.add_argument('--disable-dev-shm-usage')\n    \n        driver = webdriver.Chrome(options=chrome_options)\n    \n        if os.path.exists(\"output.txt\"):\n            os.remove(\"output.txt\")\n    \n    \n    \n        name = \"user33\"\n        email = name + \"@hotmail.com\"\n        pw = \"Userpass1\"\n    \n        driver.get(\"http://localhost:1667/#/login\")\n        time.sleep(3)\n        driver.find_element_by_css_selector(\"#app > div > div > div > div > form > fieldset:nth-child(1) > input\").send_keys(email)\n        driver.find_element_by_css_selector(\"#app > div > div > div > div > form > fieldset:nth-child(2) > input\").send_keys(pw)\n        driver.find_element_by_css_selector(\"#app > div > div > div > div > form > button\").click()\n    \n        time.sleep(3)\n    \n        driver.get(\"http://localhost:1667/#/\")\n        time.sleep(5)\n        text = \"\"\n        n = range(10)\n        for x in n:\n            # print(\"aa: \" + str(x))\n>           text += \"\\n\" + driver.find_elements_by_class_name(\"article-meta\").__getitem__(x).text\nE           IndexError: list index out of range\n\nsrc/tests/automation/test_listallelements.py:40: IndexError",
  "flaky" : false,
  "newFailed" : false,
  "beforeStages" : [ ],
  "afterStages" : [ ],
  "labels" : [ {
    "name" : "parentSuite",
    "value" : "src.tests.automation"
  }, {
    "name" : "suite",
    "value" : "test_listallelements"
  }, {
    "name" : "host",
    "value" : "fv-az28-873"
  }, {
    "name" : "thread",
    "value" : "4584-MainThread"
  }, {
    "name" : "framework",
    "value" : "pytest"
  }, {
    "name" : "language",
    "value" : "cpython3"
  }, {
    "name" : "package",
    "value" : "src.tests.automation.test_listallelements"
  }, {
    "name" : "resultFormat",
    "value" : "allure2"
  } ],
  "parameters" : [ ],
  "links" : [ ],
  "hidden" : false,
  "retry" : false,
  "extra" : {
    "severity" : "normal",
    "retries" : [ ],
    "categories" : [ {
      "name" : "Test defects",
      "matchedStatuses" : [ ],
      "flaky" : false
    } ],
    "history" : {
      "statistic" : {
        "failed" : 0,
        "broken" : 3,
        "skipped" : 0,
        "passed" : 0,
        "unknown" : 0,
        "total" : 3
      },
      "items" : [ {
        "uid" : "b9ae2031f8f2a7ce",
        "reportUrl" : "https://avenhurkatolto.github.io/conduit-test/31//#testresult/b9ae2031f8f2a7ce",
        "status" : "broken",
        "statusDetails" : "selenium.common.exceptions.WebDriverException: Message: 'chromedriver' executable needs to be in PATH. Please see https://sites.google.com/a/chromium.org/chromedriver/home",
        "time" : {
          "start" : 1628605932106,
          "stop" : 1628605932109,
          "duration" : 3
        }
      }, {
        "uid" : "5a6c47fae6832233",
        "reportUrl" : "https://avenhurkatolto.github.io/conduit-test/30//#testresult/5a6c47fae6832233",
        "status" : "broken",
        "statusDetails" : "selenium.common.exceptions.WebDriverException: Message: 'chromedriver' executable needs to be in PATH. Please see https://sites.google.com/a/chromium.org/chromedriver/home",
        "time" : {
          "start" : 1628605400918,
          "stop" : 1628605400920,
          "duration" : 2
        }
      } ]
    },
    "tags" : [ ]
  },
  "source" : "8a200f2d5d93d444.json",
  "parameterValues" : [ ]
}