{
  "uid" : "c72db53c18ba4682",
  "name" : "test_writefromfile",
  "fullName" : "src.tests.automation.test_writefromfile#test_writefromfile",
  "historyId" : "5c2626a9677e3024c4629bb0a302c01e",
  "time" : {
    "start" : 1628606591649,
    "stop" : 1628606599367,
    "duration" : 7718
  },
  "status" : "broken",
  "statusMessage" : "FileNotFoundError: [Errno 2] No such file or directory: 'input.txt'",
  "statusTrace" : "def test_writefromfile():\n        name = \"user33\"\n        email = name + \"@hotmail.com\"\n        pw = \"Userpass1\"\n    \n        chrome_options = Options()\n        chrome_options.add_argument('--no-sandbox')\n        chrome_options.add_argument('--headless')\n        chrome_options.add_argument('--disable-dev-shm-usage')\n    \n        driver = webdriver.Chrome(options=chrome_options)\n    \n        driver.get(\"http://localhost:1667/#/login\")\n        time.sleep(3)\n        driver.find_element_by_css_selector(\"#app > div > div > div > div > form > fieldset:nth-child(1) > input\").send_keys(email)\n        driver.find_element_by_css_selector(\"#app > div > div > div > div > form > fieldset:nth-child(2) > input\").send_keys(pw)\n        driver.find_element_by_css_selector(\"#app > div > div > div > div > form > button\").click()\n    \n        time.sleep(3)\n    \n>       with open(\"input.txt\") as file:\nE       FileNotFoundError: [Errno 2] No such file or directory: 'input.txt'\n\nsrc/tests/automation/test_writefromfile.py:45: FileNotFoundError",
  "flaky" : false,
  "newFailed" : false,
  "beforeStages" : [ ],
  "afterStages" : [ ],
  "labels" : [ {
    "name" : "parentSuite",
    "value" : "src.tests.automation"
  }, {
    "name" : "suite",
    "value" : "test_writefromfile"
  }, {
    "name" : "host",
    "value" : "fv-az28-873"
  }, {
    "name" : "thread",
    "value" : "4584-MainThread"
  }, {
    "name" : "framework",
    "value" : "pytest"
  }, {
    "name" : "language",
    "value" : "cpython3"
  }, {
    "name" : "package",
    "value" : "src.tests.automation.test_writefromfile"
  }, {
    "name" : "resultFormat",
    "value" : "allure2"
  } ],
  "parameters" : [ ],
  "links" : [ ],
  "hidden" : false,
  "retry" : false,
  "extra" : {
    "severity" : "normal",
    "retries" : [ ],
    "categories" : [ {
      "name" : "Test defects",
      "matchedStatuses" : [ ],
      "flaky" : false
    } ],
    "history" : {
      "statistic" : {
        "failed" : 0,
        "broken" : 3,
        "skipped" : 0,
        "passed" : 0,
        "unknown" : 0,
        "total" : 3
      },
      "items" : [ {
        "uid" : "5af0d68c510255f",
        "reportUrl" : "https://avenhurkatolto.github.io/conduit-test/31//#testresult/5af0d68c510255f",
        "status" : "broken",
        "statusDetails" : "selenium.common.exceptions.WebDriverException: Message: 'chromedriver' executable needs to be in PATH. Please see https://sites.google.com/a/chromium.org/chromedriver/home",
        "time" : {
          "start" : 1628605940035,
          "stop" : 1628605940038,
          "duration" : 3
        }
      }, {
        "uid" : "92a503009251f14d",
        "reportUrl" : "https://avenhurkatolto.github.io/conduit-test/30//#testresult/92a503009251f14d",
        "status" : "broken",
        "statusDetails" : "selenium.common.exceptions.WebDriverException: Message: 'chromedriver' executable needs to be in PATH. Please see https://sites.google.com/a/chromium.org/chromedriver/home",
        "time" : {
          "start" : 1628605402438,
          "stop" : 1628605402440,
          "duration" : 2
        }
      } ]
    },
    "tags" : [ ]
  },
  "source" : "c72db53c18ba4682.json",
  "parameterValues" : [ ]
}