{
  "uid" : "d7a08670045b930c",
  "name" : "test_pagination",
  "fullName" : "src.tests.automation.test_pagination#test_pagination",
  "historyId" : "600d21e239225d6eeebf5f1a0e0465ee",
  "time" : {
    "start" : 1628606573314,
    "stop" : 1628606586051,
    "duration" : 12737
  },
  "status" : "broken",
  "statusMessage" : "IndexError: list index out of range",
  "statusTrace" : "def test_pagination():\n        name = \"user33\"\n        email = name + \"@hotmail.com\"\n        pw = \"Userpass1\"\n    \n        chrome_options = Options()\n        chrome_options.add_argument('--no-sandbox')\n        chrome_options.add_argument('--headless')\n        chrome_options.add_argument('--disable-dev-shm-usage')\n    \n        driver = webdriver.Chrome(options=chrome_options)\n    \n        driver.get(\"http://localhost:1667/#/login\")\n        time.sleep(3)\n        driver.find_element_by_css_selector(\"#app > div > div > div > div > form > fieldset:nth-child(1) > input\").send_keys(email)\n        driver.find_element_by_css_selector(\"#app > div > div > div > div > form > fieldset:nth-child(2) > input\").send_keys(pw)\n        driver.find_element_by_css_selector(\"#app > div > div > div > div > form > button\").click()\n    \n        time.sleep(3)\n        i = 1\n        driver.get(\"http://localhost:1667/#/\")\n        n = range(1)\n    \n        for x in n:\n            print(\"oldal száma: \" + str(i))\n            listallelements(driver)\n>           driver.find_elements_by_class_name(\"page-link\").__getitem__(i).click()\nE           IndexError: list index out of range\n\nsrc/tests/automation/test_pagination.py:47: IndexError",
  "flaky" : false,
  "newFailed" : false,
  "beforeStages" : [ ],
  "testStage" : {
    "status" : "broken",
    "statusMessage" : "IndexError: list index out of range",
    "statusTrace" : "def test_pagination():\n        name = \"user33\"\n        email = name + \"@hotmail.com\"\n        pw = \"Userpass1\"\n    \n        chrome_options = Options()\n        chrome_options.add_argument('--no-sandbox')\n        chrome_options.add_argument('--headless')\n        chrome_options.add_argument('--disable-dev-shm-usage')\n    \n        driver = webdriver.Chrome(options=chrome_options)\n    \n        driver.get(\"http://localhost:1667/#/login\")\n        time.sleep(3)\n        driver.find_element_by_css_selector(\"#app > div > div > div > div > form > fieldset:nth-child(1) > input\").send_keys(email)\n        driver.find_element_by_css_selector(\"#app > div > div > div > div > form > fieldset:nth-child(2) > input\").send_keys(pw)\n        driver.find_element_by_css_selector(\"#app > div > div > div > div > form > button\").click()\n    \n        time.sleep(3)\n        i = 1\n        driver.get(\"http://localhost:1667/#/\")\n        n = range(1)\n    \n        for x in n:\n            print(\"oldal száma: \" + str(i))\n            listallelements(driver)\n>           driver.find_elements_by_class_name(\"page-link\").__getitem__(i).click()\nE           IndexError: list index out of range\n\nsrc/tests/automation/test_pagination.py:47: IndexError",
    "steps" : [ ],
    "attachments" : [ {
      "uid" : "47773306bc3a1d9f",
      "name" : "stdout",
      "source" : "47773306bc3a1d9f.txt",
      "type" : "text/plain",
      "size" : 16
    } ],
    "parameters" : [ ],
    "stepsCount" : 0,
    "attachmentsCount" : 1,
    "shouldDisplayMessage" : true,
    "hasContent" : true
  },
  "afterStages" : [ ],
  "labels" : [ {
    "name" : "parentSuite",
    "value" : "src.tests.automation"
  }, {
    "name" : "suite",
    "value" : "test_pagination"
  }, {
    "name" : "host",
    "value" : "fv-az28-873"
  }, {
    "name" : "thread",
    "value" : "4584-MainThread"
  }, {
    "name" : "framework",
    "value" : "pytest"
  }, {
    "name" : "language",
    "value" : "cpython3"
  }, {
    "name" : "package",
    "value" : "src.tests.automation.test_pagination"
  }, {
    "name" : "resultFormat",
    "value" : "allure2"
  } ],
  "parameters" : [ ],
  "links" : [ ],
  "hidden" : false,
  "retry" : false,
  "extra" : {
    "severity" : "normal",
    "retries" : [ ],
    "categories" : [ {
      "name" : "Test defects",
      "matchedStatuses" : [ ],
      "flaky" : false
    } ],
    "history" : {
      "statistic" : {
        "failed" : 0,
        "broken" : 3,
        "skipped" : 0,
        "passed" : 0,
        "unknown" : 0,
        "total" : 3
      },
      "items" : [ {
        "uid" : "5006615cfd74fed6",
        "reportUrl" : "https://avenhurkatolto.github.io/conduit-test/31//#testresult/5006615cfd74fed6",
        "status" : "broken",
        "statusDetails" : "selenium.common.exceptions.WebDriverException: Message: 'chromedriver' executable needs to be in PATH. Please see https://sites.google.com/a/chromium.org/chromedriver/home",
        "time" : {
          "start" : 1628605939858,
          "stop" : 1628605939860,
          "duration" : 2
        }
      }, {
        "uid" : "7491f4dedfd444fd",
        "reportUrl" : "https://avenhurkatolto.github.io/conduit-test/30//#testresult/7491f4dedfd444fd",
        "status" : "broken",
        "statusDetails" : "selenium.common.exceptions.WebDriverException: Message: 'chromedriver' executable needs to be in PATH. Please see https://sites.google.com/a/chromium.org/chromedriver/home",
        "time" : {
          "start" : 1628605402232,
          "stop" : 1628605402235,
          "duration" : 3
        }
      } ]
    },
    "tags" : [ ]
  },
  "source" : "d7a08670045b930c.json",
  "parameterValues" : [ ]
}