{
  "uid" : "b29eb12030ecfaac",
  "name" : "test_login",
  "fullName" : "src.tests.automation.test_login#test_login",
  "historyId" : "57322d47627e683a42b0dbc7b4adf734",
  "time" : {
    "start" : 1628619735987,
    "stop" : 1628619737156,
    "duration" : 1169
  },
  "status" : "broken",
  "statusMessage" : "selenium.common.exceptions.WebDriverException: Message: unknown error: Chrome failed to start: exited abnormally.\n  (unknown error: DevToolsActivePort file doesn't exist)\n  (The process started from chrome location /snap/chromium/1691/usr/lib/chromium-browser/chrome is no longer running, so ChromeDriver is assuming that Chrome has crashed.)",
  "statusTrace" : "def test_login():\n    \n        name = \"testuser1\"\n        email = name + \"@example.com\"\n        pw = \"Abcd123$\"\n    \n        chrome_options = Options()\n        chrome_options.add_argument('--window-size=1920,1080')\n        chrome_options.add_argument('--no-sandbox')\n        chrome_options.add_argument('--headless')\n        chrome_options.add_argument('--disable-dev-shm-usage')\n    \n>       driver = webdriver.Chrome()\n\nsrc/tests/automation/test_login.py:18: \n_ _ _ _ _ _ _ _ _ _ _ _ _ _ _ _ _ _ _ _ _ _ _ _ _ _ _ _ _ _ _ _ _ _ _ _ _ _ _ _ \n/opt/hostedtoolcache/Python/3.9.5/x64/lib/python3.9/site-packages/selenium/webdriver/chrome/webdriver.py:76: in __init__\n    RemoteWebDriver.__init__(\n/opt/hostedtoolcache/Python/3.9.5/x64/lib/python3.9/site-packages/selenium/webdriver/remote/webdriver.py:157: in __init__\n    self.start_session(capabilities, browser_profile)\n/opt/hostedtoolcache/Python/3.9.5/x64/lib/python3.9/site-packages/selenium/webdriver/remote/webdriver.py:252: in start_session\n    response = self.execute(Command.NEW_SESSION, parameters)\n/opt/hostedtoolcache/Python/3.9.5/x64/lib/python3.9/site-packages/selenium/webdriver/remote/webdriver.py:321: in execute\n    self.error_handler.check_response(response)\n_ _ _ _ _ _ _ _ _ _ _ _ _ _ _ _ _ _ _ _ _ _ _ _ _ _ _ _ _ _ _ _ _ _ _ _ _ _ _ _ \n\nself = <selenium.webdriver.remote.errorhandler.ErrorHandler object at 0x7f1d49663670>\nresponse = {'status': 500, 'value': '{\"value\":{\"error\":\"unknown error\",\"message\":\"unknown error: Chrome failed to start: exited a...\\\\n#15 0x560565c12ad8 \\\\u003Cunknown>\\\\n#16 0x560565c2c4c6 \\\\u003Cunknown>\\\\n#17 0x7ff6f529b6db \\\\u003Cunknown>\\\\n\"}}'}\n\n    def check_response(self, response):\n        \"\"\"\n        Checks that a JSON response from the WebDriver does not have an error.\n    \n        :Args:\n         - response - The JSON response from the WebDriver server as a dictionary\n           object.\n    \n        :Raises: If the response contains an error message.\n        \"\"\"\n        status = response.get('status', None)\n        if status is None or status == ErrorCode.SUCCESS:\n            return\n        value = None\n        message = response.get(\"message\", \"\")\n        screen = response.get(\"screen\", \"\")\n        stacktrace = None\n        if isinstance(status, int):\n            value_json = response.get('value', None)\n            if value_json and isinstance(value_json, basestring):\n                import json\n                try:\n                    value = json.loads(value_json)\n                    if len(value.keys()) == 1:\n                        value = value['value']\n                    status = value.get('error', None)\n                    if status is None:\n                        status = value[\"status\"]\n                        message = value[\"value\"]\n                        if not isinstance(message, basestring):\n                            value = message\n                            message = message.get('message')\n                    else:\n                        message = value.get('message', None)\n                except ValueError:\n                    pass\n    \n        exception_class = ErrorInResponseException\n        if status in ErrorCode.NO_SUCH_ELEMENT:\n            exception_class = NoSuchElementException\n        elif status in ErrorCode.NO_SUCH_FRAME:\n            exception_class = NoSuchFrameException\n        elif status in ErrorCode.NO_SUCH_WINDOW:\n            exception_class = NoSuchWindowException\n        elif status in ErrorCode.STALE_ELEMENT_REFERENCE:\n            exception_class = StaleElementReferenceException\n        elif status in ErrorCode.ELEMENT_NOT_VISIBLE:\n            exception_class = ElementNotVisibleException\n        elif status in ErrorCode.INVALID_ELEMENT_STATE:\n            exception_class = InvalidElementStateException\n        elif status in ErrorCode.INVALID_SELECTOR \\\n                or status in ErrorCode.INVALID_XPATH_SELECTOR \\\n                or status in ErrorCode.INVALID_XPATH_SELECTOR_RETURN_TYPER:\n            exception_class = InvalidSelectorException\n        elif status in ErrorCode.ELEMENT_IS_NOT_SELECTABLE:\n            exception_class = ElementNotSelectableException\n        elif status in ErrorCode.ELEMENT_NOT_INTERACTABLE:\n            exception_class = ElementNotInteractableException\n        elif status in ErrorCode.INVALID_COOKIE_DOMAIN:\n            exception_class = InvalidCookieDomainException\n        elif status in ErrorCode.UNABLE_TO_SET_COOKIE:\n            exception_class = UnableToSetCookieException\n        elif status in ErrorCode.TIMEOUT:\n            exception_class = TimeoutException\n        elif status in ErrorCode.SCRIPT_TIMEOUT:\n            exception_class = TimeoutException\n        elif status in ErrorCode.UNKNOWN_ERROR:\n            exception_class = WebDriverException\n        elif status in ErrorCode.UNEXPECTED_ALERT_OPEN:\n            exception_class = UnexpectedAlertPresentException\n        elif status in ErrorCode.NO_ALERT_OPEN:\n            exception_class = NoAlertPresentException\n        elif status in ErrorCode.IME_NOT_AVAILABLE:\n            exception_class = ImeNotAvailableException\n        elif status in ErrorCode.IME_ENGINE_ACTIVATION_FAILED:\n            exception_class = ImeActivationFailedException\n        elif status in ErrorCode.MOVE_TARGET_OUT_OF_BOUNDS:\n            exception_class = MoveTargetOutOfBoundsException\n        elif status in ErrorCode.JAVASCRIPT_ERROR:\n            exception_class = JavascriptException\n        elif status in ErrorCode.SESSION_NOT_CREATED:\n            exception_class = SessionNotCreatedException\n        elif status in ErrorCode.INVALID_ARGUMENT:\n            exception_class = InvalidArgumentException\n        elif status in ErrorCode.NO_SUCH_COOKIE:\n            exception_class = NoSuchCookieException\n        elif status in ErrorCode.UNABLE_TO_CAPTURE_SCREEN:\n            exception_class = ScreenshotException\n        elif status in ErrorCode.ELEMENT_CLICK_INTERCEPTED:\n            exception_class = ElementClickInterceptedException\n        elif status in ErrorCode.INSECURE_CERTIFICATE:\n            exception_class = InsecureCertificateException\n        elif status in ErrorCode.INVALID_COORDINATES:\n            exception_class = InvalidCoordinatesException\n        elif status in ErrorCode.INVALID_SESSION_ID:\n            exception_class = InvalidSessionIdException\n        elif status in ErrorCode.UNKNOWN_METHOD:\n            exception_class = UnknownMethodException\n        else:\n            exception_class = WebDriverException\n        if value == '' or value is None:\n            value = response['value']\n        if isinstance(value, basestring):\n            if exception_class == ErrorInResponseException:\n                raise exception_class(response, value)\n            raise exception_class(value)\n        if message == \"\" and 'message' in value:\n            message = value['message']\n    \n        screen = None\n        if 'screen' in value:\n            screen = value['screen']\n    \n        stacktrace = None\n        if 'stackTrace' in value and value['stackTrace']:\n            stacktrace = []\n            try:\n                for frame in value['stackTrace']:\n                    line = self._value_or_default(frame, 'lineNumber', '')\n                    file = self._value_or_default(frame, 'fileName', '<anonymous>')\n                    if line:\n                        file = \"%s:%s\" % (file, line)\n                    meth = self._value_or_default(frame, 'methodName', '<anonymous>')\n                    if 'className' in frame:\n                        meth = \"%s.%s\" % (frame['className'], meth)\n                    msg = \"    at %s (%s)\"\n                    msg = msg % (meth, file)\n                    stacktrace.append(msg)\n            except TypeError:\n                pass\n        if exception_class == ErrorInResponseException:\n            raise exception_class(response, message)\n        elif exception_class == UnexpectedAlertPresentException:\n            alert_text = None\n            if 'data' in value:\n                alert_text = value['data'].get('text')\n            elif 'alert' in value:\n                alert_text = value['alert'].get('text')\n            raise exception_class(message, screen, stacktrace, alert_text)\n>       raise exception_class(message, screen, stacktrace)\nE       selenium.common.exceptions.WebDriverException: Message: unknown error: Chrome failed to start: exited abnormally.\nE         (unknown error: DevToolsActivePort file doesn't exist)\nE         (The process started from chrome location /snap/chromium/1691/usr/lib/chromium-browser/chrome is no longer running, so ChromeDriver is assuming that Chrome has crashed.)\n\n/opt/hostedtoolcache/Python/3.9.5/x64/lib/python3.9/site-packages/selenium/webdriver/remote/errorhandler.py:242: WebDriverException",
  "flaky" : false,
  "newFailed" : false,
  "beforeStages" : [ ],
  "afterStages" : [ ],
  "labels" : [ {
    "name" : "parentSuite",
    "value" : "src.tests.automation"
  }, {
    "name" : "suite",
    "value" : "test_login"
  }, {
    "name" : "host",
    "value" : "fv-az77-771"
  }, {
    "name" : "thread",
    "value" : "4321-MainThread"
  }, {
    "name" : "framework",
    "value" : "pytest"
  }, {
    "name" : "language",
    "value" : "cpython3"
  }, {
    "name" : "package",
    "value" : "src.tests.automation.test_login"
  }, {
    "name" : "resultFormat",
    "value" : "allure2"
  } ],
  "parameters" : [ ],
  "links" : [ ],
  "hidden" : false,
  "retry" : false,
  "extra" : {
    "severity" : "normal",
    "retries" : [ ],
    "categories" : [ {
      "name" : "Test defects",
      "matchedStatuses" : [ ],
      "flaky" : false
    } ],
    "history" : {
      "statistic" : {
        "failed" : 4,
        "broken" : 2,
        "skipped" : 0,
        "passed" : 3,
        "unknown" : 0,
        "total" : 9
      },
      "items" : [ {
        "uid" : "71597d11054b6635",
        "reportUrl" : "https://avenhurkatolto.github.io/conduit-test/37//#testresult/71597d11054b6635",
        "status" : "passed",
        "time" : {
          "start" : 1628617180030,
          "stop" : 1628617187624,
          "duration" : 7594
        }
      }, {
        "uid" : "402f1e0ac17fe89",
        "reportUrl" : "https://avenhurkatolto.github.io/conduit-test/36//#testresult/402f1e0ac17fe89",
        "status" : "passed",
        "time" : {
          "start" : 1628616813432,
          "stop" : 1628616821079,
          "duration" : 7647
        }
      }, {
        "uid" : "9e5dc6423d3e4aa4",
        "reportUrl" : "https://avenhurkatolto.github.io/conduit-test/35//#testresult/9e5dc6423d3e4aa4",
        "status" : "passed",
        "time" : {
          "start" : 1628615323777,
          "stop" : 1628615331592,
          "duration" : 7815
        }
      }, {
        "uid" : "c4ffe910d502b11",
        "reportUrl" : "https://avenhurkatolto.github.io/conduit-test/34//#testresult/c4ffe910d502b11",
        "status" : "failed",
        "statusDetails" : "AssertionError: assert 'http://local...:1667/#/login' == 'http://localhost:1667/#/'\n  - http://localhost:1667/#/\n  + http://localhost:1667/#/login\n  ?                         +++++",
        "time" : {
          "start" : 1628613307182,
          "stop" : 1628613314934,
          "duration" : 7752
        }
      }, {
        "uid" : "ce85b18000c5d439",
        "reportUrl" : "https://avenhurkatolto.github.io/conduit-test/33//#testresult/ce85b18000c5d439",
        "status" : "failed",
        "statusDetails" : "AssertionError: assert 'http://local...:1667/#/login' == 'http://localhost:1667/#/'\n  - http://localhost:1667/#/\n  + http://localhost:1667/#/login\n  ?                         +++++",
        "time" : {
          "start" : 1628608031838,
          "stop" : 1628608039670,
          "duration" : 7832
        }
      }, {
        "uid" : "999956d9f40a15fb",
        "reportUrl" : "https://avenhurkatolto.github.io/conduit-test/32//#testresult/999956d9f40a15fb",
        "status" : "failed",
        "statusDetails" : "AssertionError: assert 'http://local...:1667/#/login' == 'http://localhost:1667/#/'\n  - http://localhost:1667/#/\n  + http://localhost:1667/#/login\n  ?                         +++++",
        "time" : {
          "start" : 1628606565616,
          "stop" : 1628606573305,
          "duration" : 7689
        }
      }, {
        "uid" : "9b39bc7ac2b46c11",
        "reportUrl" : "https://avenhurkatolto.github.io/conduit-test/31//#testresult/9b39bc7ac2b46c11",
        "status" : "failed",
        "statusDetails" : "AssertionError: assert 'http://local...:1667/#/login' == 'http://localhost:1667/#/'\n  - http://localhost:1667/#/\n  + http://localhost:1667/#/login\n  ?                         +++++",
        "time" : {
          "start" : 1628605932165,
          "stop" : 1628605939849,
          "duration" : 7684
        }
      }, {
        "uid" : "5684deea4fd52a33",
        "reportUrl" : "https://avenhurkatolto.github.io/conduit-test/30//#testresult/5684deea4fd52a33",
        "status" : "broken",
        "statusDetails" : "selenium.common.exceptions.WebDriverException: Message: unknown error: net::ERR_CONNECTION_REFUSED\n  (Session info: headless chrome=92.0.4515.131)",
        "time" : {
          "start" : 1628605400988,
          "stop" : 1628605402195,
          "duration" : 1207
        }
      } ]
    },
    "tags" : [ ]
  },
  "source" : "b29eb12030ecfaac.json",
  "parameterValues" : [ ]
}