{
  "uid" : "b3f6ea5007a96fbd",
  "name" : "test_writefromfile",
  "fullName" : "src.tests.automation.test_writefromfile#test_writefromfile",
  "historyId" : "5c2626a9677e3024c4629bb0a302c01e",
  "time" : {
    "start" : 1628619741893,
    "stop" : 1628619743007,
    "duration" : 1114
  },
  "status" : "broken",
  "statusMessage" : "selenium.common.exceptions.WebDriverException: Message: unknown error: Chrome failed to start: exited abnormally.\n  (unknown error: DevToolsActivePort file doesn't exist)\n  (The process started from chrome location /snap/chromium/1691/usr/lib/chromium-browser/chrome is no longer running, so ChromeDriver is assuming that Chrome has crashed.)",
  "statusTrace" : "def test_writefromfile():\n        name = \"testuser1\"\n        email = name + \"@example.com\"\n        pw = \"Abcd123$\"\n    \n        chrome_options = Options()\n        chrome_options.add_argument('--window-size=1920,1080')\n        chrome_options.add_argument('--no-sandbox')\n        chrome_options.add_argument('--headless')\n        chrome_options.add_argument('--disable-dev-shm-usage')\n    \n>       driver = webdriver.Chrome()\n\nsrc/tests/automation/test_writefromfile.py:44: \n_ _ _ _ _ _ _ _ _ _ _ _ _ _ _ _ _ _ _ _ _ _ _ _ _ _ _ _ _ _ _ _ _ _ _ _ _ _ _ _ \n/opt/hostedtoolcache/Python/3.9.5/x64/lib/python3.9/site-packages/selenium/webdriver/chrome/webdriver.py:76: in __init__\n    RemoteWebDriver.__init__(\n/opt/hostedtoolcache/Python/3.9.5/x64/lib/python3.9/site-packages/selenium/webdriver/remote/webdriver.py:157: in __init__\n    self.start_session(capabilities, browser_profile)\n/opt/hostedtoolcache/Python/3.9.5/x64/lib/python3.9/site-packages/selenium/webdriver/remote/webdriver.py:252: in start_session\n    response = self.execute(Command.NEW_SESSION, parameters)\n/opt/hostedtoolcache/Python/3.9.5/x64/lib/python3.9/site-packages/selenium/webdriver/remote/webdriver.py:321: in execute\n    self.error_handler.check_response(response)\n_ _ _ _ _ _ _ _ _ _ _ _ _ _ _ _ _ _ _ _ _ _ _ _ _ _ _ _ _ _ _ _ _ _ _ _ _ _ _ _ \n\nself = <selenium.webdriver.remote.errorhandler.ErrorHandler object at 0x7f1d495dd640>\nresponse = {'status': 500, 'value': '{\"value\":{\"error\":\"unknown error\",\"message\":\"unknown error: Chrome failed to start: exited a...\\\\n#15 0x56487de74ad8 \\\\u003Cunknown>\\\\n#16 0x56487de8e4c6 \\\\u003Cunknown>\\\\n#17 0x7f053a9a76db \\\\u003Cunknown>\\\\n\"}}'}\n\n    def check_response(self, response):\n        \"\"\"\n        Checks that a JSON response from the WebDriver does not have an error.\n    \n        :Args:\n         - response - The JSON response from the WebDriver server as a dictionary\n           object.\n    \n        :Raises: If the response contains an error message.\n        \"\"\"\n        status = response.get('status', None)\n        if status is None or status == ErrorCode.SUCCESS:\n            return\n        value = None\n        message = response.get(\"message\", \"\")\n        screen = response.get(\"screen\", \"\")\n        stacktrace = None\n        if isinstance(status, int):\n            value_json = response.get('value', None)\n            if value_json and isinstance(value_json, basestring):\n                import json\n                try:\n                    value = json.loads(value_json)\n                    if len(value.keys()) == 1:\n                        value = value['value']\n                    status = value.get('error', None)\n                    if status is None:\n                        status = value[\"status\"]\n                        message = value[\"value\"]\n                        if not isinstance(message, basestring):\n                            value = message\n                            message = message.get('message')\n                    else:\n                        message = value.get('message', None)\n                except ValueError:\n                    pass\n    \n        exception_class = ErrorInResponseException\n        if status in ErrorCode.NO_SUCH_ELEMENT:\n            exception_class = NoSuchElementException\n        elif status in ErrorCode.NO_SUCH_FRAME:\n            exception_class = NoSuchFrameException\n        elif status in ErrorCode.NO_SUCH_WINDOW:\n            exception_class = NoSuchWindowException\n        elif status in ErrorCode.STALE_ELEMENT_REFERENCE:\n            exception_class = StaleElementReferenceException\n        elif status in ErrorCode.ELEMENT_NOT_VISIBLE:\n            exception_class = ElementNotVisibleException\n        elif status in ErrorCode.INVALID_ELEMENT_STATE:\n            exception_class = InvalidElementStateException\n        elif status in ErrorCode.INVALID_SELECTOR \\\n                or status in ErrorCode.INVALID_XPATH_SELECTOR \\\n                or status in ErrorCode.INVALID_XPATH_SELECTOR_RETURN_TYPER:\n            exception_class = InvalidSelectorException\n        elif status in ErrorCode.ELEMENT_IS_NOT_SELECTABLE:\n            exception_class = ElementNotSelectableException\n        elif status in ErrorCode.ELEMENT_NOT_INTERACTABLE:\n            exception_class = ElementNotInteractableException\n        elif status in ErrorCode.INVALID_COOKIE_DOMAIN:\n            exception_class = InvalidCookieDomainException\n        elif status in ErrorCode.UNABLE_TO_SET_COOKIE:\n            exception_class = UnableToSetCookieException\n        elif status in ErrorCode.TIMEOUT:\n            exception_class = TimeoutException\n        elif status in ErrorCode.SCRIPT_TIMEOUT:\n            exception_class = TimeoutException\n        elif status in ErrorCode.UNKNOWN_ERROR:\n            exception_class = WebDriverException\n        elif status in ErrorCode.UNEXPECTED_ALERT_OPEN:\n            exception_class = UnexpectedAlertPresentException\n        elif status in ErrorCode.NO_ALERT_OPEN:\n            exception_class = NoAlertPresentException\n        elif status in ErrorCode.IME_NOT_AVAILABLE:\n            exception_class = ImeNotAvailableException\n        elif status in ErrorCode.IME_ENGINE_ACTIVATION_FAILED:\n            exception_class = ImeActivationFailedException\n        elif status in ErrorCode.MOVE_TARGET_OUT_OF_BOUNDS:\n            exception_class = MoveTargetOutOfBoundsException\n        elif status in ErrorCode.JAVASCRIPT_ERROR:\n            exception_class = JavascriptException\n        elif status in ErrorCode.SESSION_NOT_CREATED:\n            exception_class = SessionNotCreatedException\n        elif status in ErrorCode.INVALID_ARGUMENT:\n            exception_class = InvalidArgumentException\n        elif status in ErrorCode.NO_SUCH_COOKIE:\n            exception_class = NoSuchCookieException\n        elif status in ErrorCode.UNABLE_TO_CAPTURE_SCREEN:\n            exception_class = ScreenshotException\n        elif status in ErrorCode.ELEMENT_CLICK_INTERCEPTED:\n            exception_class = ElementClickInterceptedException\n        elif status in ErrorCode.INSECURE_CERTIFICATE:\n            exception_class = InsecureCertificateException\n        elif status in ErrorCode.INVALID_COORDINATES:\n            exception_class = InvalidCoordinatesException\n        elif status in ErrorCode.INVALID_SESSION_ID:\n            exception_class = InvalidSessionIdException\n        elif status in ErrorCode.UNKNOWN_METHOD:\n            exception_class = UnknownMethodException\n        else:\n            exception_class = WebDriverException\n        if value == '' or value is None:\n            value = response['value']\n        if isinstance(value, basestring):\n            if exception_class == ErrorInResponseException:\n                raise exception_class(response, value)\n            raise exception_class(value)\n        if message == \"\" and 'message' in value:\n            message = value['message']\n    \n        screen = None\n        if 'screen' in value:\n            screen = value['screen']\n    \n        stacktrace = None\n        if 'stackTrace' in value and value['stackTrace']:\n            stacktrace = []\n            try:\n                for frame in value['stackTrace']:\n                    line = self._value_or_default(frame, 'lineNumber', '')\n                    file = self._value_or_default(frame, 'fileName', '<anonymous>')\n                    if line:\n                        file = \"%s:%s\" % (file, line)\n                    meth = self._value_or_default(frame, 'methodName', '<anonymous>')\n                    if 'className' in frame:\n                        meth = \"%s.%s\" % (frame['className'], meth)\n                    msg = \"    at %s (%s)\"\n                    msg = msg % (meth, file)\n                    stacktrace.append(msg)\n            except TypeError:\n                pass\n        if exception_class == ErrorInResponseException:\n            raise exception_class(response, message)\n        elif exception_class == UnexpectedAlertPresentException:\n            alert_text = None\n            if 'data' in value:\n                alert_text = value['data'].get('text')\n            elif 'alert' in value:\n                alert_text = value['alert'].get('text')\n            raise exception_class(message, screen, stacktrace, alert_text)\n>       raise exception_class(message, screen, stacktrace)\nE       selenium.common.exceptions.WebDriverException: Message: unknown error: Chrome failed to start: exited abnormally.\nE         (unknown error: DevToolsActivePort file doesn't exist)\nE         (The process started from chrome location /snap/chromium/1691/usr/lib/chromium-browser/chrome is no longer running, so ChromeDriver is assuming that Chrome has crashed.)\n\n/opt/hostedtoolcache/Python/3.9.5/x64/lib/python3.9/site-packages/selenium/webdriver/remote/errorhandler.py:242: WebDriverException",
  "flaky" : false,
  "newFailed" : false,
  "beforeStages" : [ ],
  "afterStages" : [ ],
  "labels" : [ {
    "name" : "parentSuite",
    "value" : "src.tests.automation"
  }, {
    "name" : "suite",
    "value" : "test_writefromfile"
  }, {
    "name" : "host",
    "value" : "fv-az77-771"
  }, {
    "name" : "thread",
    "value" : "4321-MainThread"
  }, {
    "name" : "framework",
    "value" : "pytest"
  }, {
    "name" : "language",
    "value" : "cpython3"
  }, {
    "name" : "package",
    "value" : "src.tests.automation.test_writefromfile"
  }, {
    "name" : "resultFormat",
    "value" : "allure2"
  } ],
  "parameters" : [ ],
  "links" : [ ],
  "hidden" : false,
  "retry" : false,
  "extra" : {
    "severity" : "normal",
    "retries" : [ ],
    "categories" : [ {
      "name" : "Test defects",
      "matchedStatuses" : [ ],
      "flaky" : false
    } ],
    "history" : {
      "statistic" : {
        "failed" : 0,
        "broken" : 6,
        "skipped" : 0,
        "passed" : 3,
        "unknown" : 0,
        "total" : 9
      },
      "items" : [ {
        "uid" : "47974799c3fc2918",
        "reportUrl" : "https://avenhurkatolto.github.io/conduit-test/37//#testresult/47974799c3fc2918",
        "status" : "passed",
        "time" : {
          "start" : 1628617231955,
          "stop" : 1628617262223,
          "duration" : 30268
        }
      }, {
        "uid" : "a7ce6ae2384f709e",
        "reportUrl" : "https://avenhurkatolto.github.io/conduit-test/36//#testresult/a7ce6ae2384f709e",
        "status" : "passed",
        "time" : {
          "start" : 1628616860688,
          "stop" : 1628616891267,
          "duration" : 30579
        }
      }, {
        "uid" : "d2c12abd90fe73d8",
        "reportUrl" : "https://avenhurkatolto.github.io/conduit-test/35//#testresult/d2c12abd90fe73d8",
        "status" : "passed",
        "time" : {
          "start" : 1628615359525,
          "stop" : 1628615390094,
          "duration" : 30569
        }
      }, {
        "uid" : "8b761a4fb16c903f",
        "reportUrl" : "https://avenhurkatolto.github.io/conduit-test/34//#testresult/8b761a4fb16c903f",
        "status" : "broken",
        "statusDetails" : "selenium.common.exceptions.ElementClickInterceptedException: Message: element click intercepted: Element <a href=\"#/login\" class=\"nav-link router-link-exact-active active\" aria-current=\"page\">...</a> is not clickable at point (1407, 26). Other element would receive the click: <div class=\"swal-overlay swal-overlay--show-modal\" tabindex=\"-1\">...</div>\n  (Session info: headless chrome=92.0.4515.131)",
        "time" : {
          "start" : 1628613342159,
          "stop" : 1628613355993,
          "duration" : 13834
        }
      }, {
        "uid" : "a60ac34120b8f7bb",
        "reportUrl" : "https://avenhurkatolto.github.io/conduit-test/33//#testresult/a60ac34120b8f7bb",
        "status" : "broken",
        "statusDetails" : "FileNotFoundError: [Errno 2] No such file or directory: 'input.txt'",
        "time" : {
          "start" : 1628608058180,
          "stop" : 1628608066016,
          "duration" : 7836
        }
      }, {
        "uid" : "c72db53c18ba4682",
        "reportUrl" : "https://avenhurkatolto.github.io/conduit-test/32//#testresult/c72db53c18ba4682",
        "status" : "broken",
        "statusDetails" : "FileNotFoundError: [Errno 2] No such file or directory: 'input.txt'",
        "time" : {
          "start" : 1628606591649,
          "stop" : 1628606599367,
          "duration" : 7718
        }
      }, {
        "uid" : "5af0d68c510255f",
        "reportUrl" : "https://avenhurkatolto.github.io/conduit-test/31//#testresult/5af0d68c510255f",
        "status" : "broken",
        "statusDetails" : "selenium.common.exceptions.WebDriverException: Message: 'chromedriver' executable needs to be in PATH. Please see https://sites.google.com/a/chromium.org/chromedriver/home",
        "time" : {
          "start" : 1628605940035,
          "stop" : 1628605940038,
          "duration" : 3
        }
      }, {
        "uid" : "92a503009251f14d",
        "reportUrl" : "https://avenhurkatolto.github.io/conduit-test/30//#testresult/92a503009251f14d",
        "status" : "broken",
        "statusDetails" : "selenium.common.exceptions.WebDriverException: Message: 'chromedriver' executable needs to be in PATH. Please see https://sites.google.com/a/chromium.org/chromedriver/home",
        "time" : {
          "start" : 1628605402438,
          "stop" : 1628605402440,
          "duration" : 2
        }
      } ]
    },
    "tags" : [ ]
  },
  "source" : "b3f6ea5007a96fbd.json",
  "parameterValues" : [ ]
}