{
  "uid" : "167e9268929cedeb",
  "name" : "test_listallelements",
  "fullName" : "src.tests.automation.test_listallelements#test_listallelements",
  "historyId" : "e567a95de508dd5bf0cfbffbadbd97ba",
  "time" : {
    "start" : 1628620096411,
    "stop" : 1628620109590,
    "duration" : 13179
  },
  "status" : "passed",
  "flaky" : false,
  "newFailed" : false,
  "beforeStages" : [ ],
  "afterStages" : [ ],
  "labels" : [ {
    "name" : "parentSuite",
    "value" : "src.tests.automation"
  }, {
    "name" : "suite",
    "value" : "test_listallelements"
  }, {
    "name" : "host",
    "value" : "fv-az28-873"
  }, {
    "name" : "thread",
    "value" : "4483-MainThread"
  }, {
    "name" : "framework",
    "value" : "pytest"
  }, {
    "name" : "language",
    "value" : "cpython3"
  }, {
    "name" : "package",
    "value" : "src.tests.automation.test_listallelements"
  }, {
    "name" : "resultFormat",
    "value" : "allure2"
  } ],
  "parameters" : [ ],
  "links" : [ ],
  "hidden" : false,
  "retry" : false,
  "extra" : {
    "severity" : "normal",
    "retries" : [ ],
    "categories" : [ ],
    "history" : {
      "statistic" : {
        "failed" : 0,
        "broken" : 6,
        "skipped" : 0,
        "passed" : 4,
        "unknown" : 0,
        "total" : 10
      },
      "items" : [ {
        "uid" : "eb2257b04e108513",
        "reportUrl" : "https://avenhurkatolto.github.io/conduit-test/38//#testresult/eb2257b04e108513",
        "status" : "broken",
        "statusDetails" : "selenium.common.exceptions.WebDriverException: Message: unknown error: Chrome failed to start: exited abnormally.\n  (unknown error: DevToolsActivePort file doesn't exist)\n  (The process started from chrome location /snap/chromium/1691/usr/lib/chromium-browser/chrome is no longer running, so ChromeDriver is assuming that Chrome has crashed.)",
        "time" : {
          "start" : 1628619734777,
          "stop" : 1628619735943,
          "duration" : 1166
        }
      }, {
        "uid" : "b1dca9e5612b233d",
        "reportUrl" : "https://avenhurkatolto.github.io/conduit-test/37//#testresult/b1dca9e5612b233d",
        "status" : "passed",
        "time" : {
          "start" : 1628617166960,
          "stop" : 1628617180027,
          "duration" : 13067
        }
      }, {
        "uid" : "74e7873cc4dafb97",
        "reportUrl" : "https://avenhurkatolto.github.io/conduit-test/36//#testresult/74e7873cc4dafb97",
        "status" : "passed",
        "time" : {
          "start" : 1628616800225,
          "stop" : 1628616813429,
          "duration" : 13204
        }
      }, {
        "uid" : "d1f2687b944e2d9a",
        "reportUrl" : "https://avenhurkatolto.github.io/conduit-test/35//#testresult/d1f2687b944e2d9a",
        "status" : "passed",
        "time" : {
          "start" : 1628615310439,
          "stop" : 1628615323774,
          "duration" : 13335
        }
      }, {
        "uid" : "54a77108c2c25bac",
        "reportUrl" : "https://avenhurkatolto.github.io/conduit-test/34//#testresult/54a77108c2c25bac",
        "status" : "broken",
        "statusDetails" : "IndexError: list index out of range",
        "time" : {
          "start" : 1628613294464,
          "stop" : 1628613307175,
          "duration" : 12711
        }
      }, {
        "uid" : "58dd80834993af37",
        "reportUrl" : "https://avenhurkatolto.github.io/conduit-test/33//#testresult/58dd80834993af37",
        "status" : "broken",
        "statusDetails" : "IndexError: list index out of range",
        "time" : {
          "start" : 1628608019003,
          "stop" : 1628608031830,
          "duration" : 12827
        }
      }, {
        "uid" : "8a200f2d5d93d444",
        "reportUrl" : "https://avenhurkatolto.github.io/conduit-test/32//#testresult/8a200f2d5d93d444",
        "status" : "broken",
        "statusDetails" : "IndexError: list index out of range",
        "time" : {
          "start" : 1628606552897,
          "stop" : 1628606565610,
          "duration" : 12713
        }
      }, {
        "uid" : "b9ae2031f8f2a7ce",
        "reportUrl" : "https://avenhurkatolto.github.io/conduit-test/31//#testresult/b9ae2031f8f2a7ce",
        "status" : "broken",
        "statusDetails" : "selenium.common.exceptions.WebDriverException: Message: 'chromedriver' executable needs to be in PATH. Please see https://sites.google.com/a/chromium.org/chromedriver/home",
        "time" : {
          "start" : 1628605932106,
          "stop" : 1628605932109,
          "duration" : 3
        }
      }, {
        "uid" : "5a6c47fae6832233",
        "reportUrl" : "https://avenhurkatolto.github.io/conduit-test/30//#testresult/5a6c47fae6832233",
        "status" : "broken",
        "statusDetails" : "selenium.common.exceptions.WebDriverException: Message: 'chromedriver' executable needs to be in PATH. Please see https://sites.google.com/a/chromium.org/chromedriver/home",
        "time" : {
          "start" : 1628605400918,
          "stop" : 1628605400920,
          "duration" : 2
        }
      } ]
    },
    "tags" : [ ]
  },
  "source" : "167e9268929cedeb.json",
  "parameterValues" : [ ]
}