{
  "uid" : "57029220218c53a",
  "name" : "test_pagination",
  "fullName" : "src.tests.automation.test_pagination#test_pagination",
  "historyId" : "600d21e239225d6eeebf5f1a0e0465ee",
  "time" : {
    "start" : 1628620134233,
    "stop" : 1628620147644,
    "duration" : 13411
  },
  "status" : "passed",
  "flaky" : false,
  "newFailed" : false,
  "beforeStages" : [ ],
  "testStage" : {
    "status" : "passed",
    "steps" : [ ],
    "attachments" : [ {
      "uid" : "2cd69844c9ef703",
      "name" : "stdout",
      "source" : "2cd69844c9ef703.txt",
      "type" : "text/plain",
      "size" : 16
    } ],
    "parameters" : [ ],
    "stepsCount" : 0,
    "attachmentsCount" : 1,
    "shouldDisplayMessage" : false,
    "hasContent" : true
  },
  "afterStages" : [ ],
  "labels" : [ {
    "name" : "parentSuite",
    "value" : "src.tests.automation"
  }, {
    "name" : "suite",
    "value" : "test_pagination"
  }, {
    "name" : "host",
    "value" : "fv-az28-873"
  }, {
    "name" : "thread",
    "value" : "4483-MainThread"
  }, {
    "name" : "framework",
    "value" : "pytest"
  }, {
    "name" : "language",
    "value" : "cpython3"
  }, {
    "name" : "package",
    "value" : "src.tests.automation.test_pagination"
  }, {
    "name" : "resultFormat",
    "value" : "allure2"
  } ],
  "parameters" : [ ],
  "links" : [ ],
  "hidden" : false,
  "retry" : false,
  "extra" : {
    "severity" : "normal",
    "retries" : [ ],
    "categories" : [ ],
    "history" : {
      "statistic" : {
        "failed" : 0,
        "broken" : 6,
        "skipped" : 0,
        "passed" : 4,
        "unknown" : 0,
        "total" : 10
      },
      "items" : [ {
        "uid" : "405cb08ff2fcd644",
        "reportUrl" : "https://avenhurkatolto.github.io/conduit-test/38//#testresult/405cb08ff2fcd644",
        "status" : "broken",
        "statusDetails" : "selenium.common.exceptions.WebDriverException: Message: unknown error: Chrome failed to start: exited abnormally.\n  (unknown error: DevToolsActivePort file doesn't exist)\n  (The process started from chrome location /snap/chromium/1691/usr/lib/chromium-browser/chrome is no longer running, so ChromeDriver is assuming that Chrome has crashed.)",
        "time" : {
          "start" : 1628619738413,
          "stop" : 1628619739527,
          "duration" : 1114
        }
      }, {
        "uid" : "2baa0bd35a0e5a2",
        "reportUrl" : "https://avenhurkatolto.github.io/conduit-test/37//#testresult/2baa0bd35a0e5a2",
        "status" : "passed",
        "time" : {
          "start" : 1628617204543,
          "stop" : 1628617217836,
          "duration" : 13293
        }
      }, {
        "uid" : "ec1b48e2f30c2c72",
        "reportUrl" : "https://avenhurkatolto.github.io/conduit-test/36//#testresult/ec1b48e2f30c2c72",
        "status" : "passed",
        "time" : {
          "start" : 1628616833096,
          "stop" : 1628616846425,
          "duration" : 13329
        }
      }, {
        "uid" : "bedd14fd62a2a5a7",
        "reportUrl" : "https://avenhurkatolto.github.io/conduit-test/35//#testresult/bedd14fd62a2a5a7",
        "status" : "passed",
        "time" : {
          "start" : 1628615331708,
          "stop" : 1628615345159,
          "duration" : 13451
        }
      }, {
        "uid" : "4cc68ffcd39cb3a5",
        "reportUrl" : "https://avenhurkatolto.github.io/conduit-test/34//#testresult/4cc68ffcd39cb3a5",
        "status" : "broken",
        "statusDetails" : "IndexError: list index out of range",
        "time" : {
          "start" : 1628613314945,
          "stop" : 1628613327720,
          "duration" : 12775
        }
      }, {
        "uid" : "117079b88608ac15",
        "reportUrl" : "https://avenhurkatolto.github.io/conduit-test/33//#testresult/117079b88608ac15",
        "status" : "broken",
        "statusDetails" : "IndexError: list index out of range",
        "time" : {
          "start" : 1628608039680,
          "stop" : 1628608052508,
          "duration" : 12828
        }
      }, {
        "uid" : "d7a08670045b930c",
        "reportUrl" : "https://avenhurkatolto.github.io/conduit-test/32//#testresult/d7a08670045b930c",
        "status" : "broken",
        "statusDetails" : "IndexError: list index out of range",
        "time" : {
          "start" : 1628606573314,
          "stop" : 1628606586051,
          "duration" : 12737
        }
      }, {
        "uid" : "5006615cfd74fed6",
        "reportUrl" : "https://avenhurkatolto.github.io/conduit-test/31//#testresult/5006615cfd74fed6",
        "status" : "broken",
        "statusDetails" : "selenium.common.exceptions.WebDriverException: Message: 'chromedriver' executable needs to be in PATH. Please see https://sites.google.com/a/chromium.org/chromedriver/home",
        "time" : {
          "start" : 1628605939858,
          "stop" : 1628605939860,
          "duration" : 2
        }
      }, {
        "uid" : "7491f4dedfd444fd",
        "reportUrl" : "https://avenhurkatolto.github.io/conduit-test/30//#testresult/7491f4dedfd444fd",
        "status" : "broken",
        "statusDetails" : "selenium.common.exceptions.WebDriverException: Message: 'chromedriver' executable needs to be in PATH. Please see https://sites.google.com/a/chromium.org/chromedriver/home",
        "time" : {
          "start" : 1628605402232,
          "stop" : 1628605402235,
          "duration" : 3
        }
      } ]
    },
    "tags" : [ ]
  },
  "source" : "57029220218c53a.json",
  "parameterValues" : [ ]
}