{
  "uid" : "f4a6079daf504f5b",
  "name" : "test_adddata",
  "fullName" : "src.tests.automation.test_adddata#test_adddata",
  "historyId" : "060023d30fffe9a2f7368db593bb8284",
  "time" : {
    "start" : 1628620009458,
    "stop" : 1628620036715,
    "duration" : 27257
  },
  "status" : "passed",
  "flaky" : false,
  "newFailed" : false,
  "beforeStages" : [ ],
  "afterStages" : [ ],
  "labels" : [ {
    "name" : "parentSuite",
    "value" : "src.tests.automation"
  }, {
    "name" : "suite",
    "value" : "test_adddata"
  }, {
    "name" : "host",
    "value" : "fv-az28-873"
  }, {
    "name" : "thread",
    "value" : "4483-MainThread"
  }, {
    "name" : "framework",
    "value" : "pytest"
  }, {
    "name" : "language",
    "value" : "cpython3"
  }, {
    "name" : "package",
    "value" : "src.tests.automation.test_adddata"
  }, {
    "name" : "resultFormat",
    "value" : "allure2"
  } ],
  "parameters" : [ ],
  "links" : [ ],
  "hidden" : false,
  "retry" : false,
  "extra" : {
    "severity" : "normal",
    "retries" : [ ],
    "categories" : [ ],
    "history" : {
      "statistic" : {
        "failed" : 0,
        "broken" : 8,
        "skipped" : 0,
        "passed" : 2,
        "unknown" : 0,
        "total" : 10
      },
      "items" : [ {
        "uid" : "36a5a551bd9a7cb2",
        "reportUrl" : "https://avenhurkatolto.github.io/conduit-test/38//#testresult/36a5a551bd9a7cb2",
        "status" : "broken",
        "statusDetails" : "selenium.common.exceptions.WebDriverException: Message: unknown error: Chrome failed to start: exited abnormally.\n  (unknown error: DevToolsActivePort file doesn't exist)\n  (The process started from chrome location /snap/chromium/1691/usr/lib/chromium-browser/chrome is no longer running, so ChromeDriver is assuming that Chrome has crashed.)",
        "time" : {
          "start" : 1628619727655,
          "stop" : 1628619732286,
          "duration" : 4631
        }
      }, {
        "uid" : "559b0336efe7181f",
        "reportUrl" : "https://avenhurkatolto.github.io/conduit-test/37//#testresult/559b0336efe7181f",
        "status" : "passed",
        "time" : {
          "start" : 1628617080613,
          "stop" : 1628617107433,
          "duration" : 26820
        }
      }, {
        "uid" : "474bf56e5775fcfb",
        "reportUrl" : "https://avenhurkatolto.github.io/conduit-test/36//#testresult/474bf56e5775fcfb",
        "status" : "broken",
        "statusDetails" : "selenium.common.exceptions.NoSuchElementException: Message: no such element: Unable to locate element: {\"method\":\"css selector\",\"selector\":\"#app > div > div > div > div > form > fieldset:nth-child(1) > input\"}\n  (Session info: headless chrome=92.0.4515.131)",
        "time" : {
          "start" : 1628616730230,
          "stop" : 1628616740491,
          "duration" : 10261
        }
      }, {
        "uid" : "756c7c354d1bb0fd",
        "reportUrl" : "https://avenhurkatolto.github.io/conduit-test/35//#testresult/756c7c354d1bb0fd",
        "status" : "broken",
        "statusDetails" : "selenium.common.exceptions.NoSuchElementException: Message: no such element: Unable to locate element: {\"method\":\"css selector\",\"selector\":\"#app > div > div > div > div > form > fieldset:nth-child(1) > input\"}\n  (Session info: headless chrome=92.0.4515.131)",
        "time" : {
          "start" : 1628615293016,
          "stop" : 1628615301250,
          "duration" : 8234
        }
      }, {
        "uid" : "3d04cbe8ec2cbe99",
        "reportUrl" : "https://avenhurkatolto.github.io/conduit-test/34//#testresult/3d04cbe8ec2cbe99",
        "status" : "broken",
        "statusDetails" : "selenium.common.exceptions.ElementClickInterceptedException: Message: element click intercepted: Element <button type=\"submit\" class=\"btn btn-lg pull-xs-right btn-primary\">...</button> is not clickable at point (1334, 497). Other element would receive the click: <div class=\"swal-overlay swal-overlay--show-modal\" tabindex=\"-1\">...</div>\n  (Session info: headless chrome=92.0.4515.131)",
        "time" : {
          "start" : 1628613253754,
          "stop" : 1628613265883,
          "duration" : 12129
        }
      }, {
        "uid" : "d2d282a24019e64b",
        "reportUrl" : "https://avenhurkatolto.github.io/conduit-test/33//#testresult/d2d282a24019e64b",
        "status" : "broken",
        "statusDetails" : "selenium.common.exceptions.NoSuchElementException: Message: no such element: Unable to locate element: {\"method\":\"css selector\",\"selector\":\"#app > div > div > div > div > form > fieldset:nth-child(1) > input\"}\n  (Session info: headless chrome=92.0.4515.131)",
        "time" : {
          "start" : 1628607985762,
          "stop" : 1628607990253,
          "duration" : 4491
        }
      }, {
        "uid" : "f94c06c4cf3da0bf",
        "reportUrl" : "https://avenhurkatolto.github.io/conduit-test/32//#testresult/f94c06c4cf3da0bf",
        "status" : "broken",
        "statusDetails" : "selenium.common.exceptions.ElementClickInterceptedException: Message: element click intercepted: Element <button type=\"submit\" class=\"btn btn-lg pull-xs-right btn-primary\">...</button> is not clickable at point (592, 497). Other element would receive the click: <div class=\"swal-overlay swal-overlay--show-modal\" tabindex=\"-1\">...</div>\n  (Session info: headless chrome=92.0.4515.131)",
        "time" : {
          "start" : 1628606512411,
          "stop" : 1628606524533,
          "duration" : 12122
        }
      }, {
        "uid" : "f04678a6c4a988bb",
        "reportUrl" : "https://avenhurkatolto.github.io/conduit-test/31//#testresult/f04678a6c4a988bb",
        "status" : "broken",
        "statusDetails" : "selenium.common.exceptions.WebDriverException: Message: 'chromedriver' executable needs to be in PATH. Please see https://sites.google.com/a/chromium.org/chromedriver/home",
        "time" : {
          "start" : 1628605931831,
          "stop" : 1628605931833,
          "duration" : 2
        }
      }, {
        "uid" : "4f42877b83e6a906",
        "reportUrl" : "https://avenhurkatolto.github.io/conduit-test/30//#testresult/4f42877b83e6a906",
        "status" : "broken",
        "statusDetails" : "selenium.common.exceptions.WebDriverException: Message: 'chromedriver' executable needs to be in PATH. Please see https://sites.google.com/a/chromium.org/chromedriver/home",
        "time" : {
          "start" : 1628605400615,
          "stop" : 1628605400618,
          "duration" : 3
        }
      } ]
    },
    "tags" : [ ]
  },
  "source" : "f4a6079daf504f5b.json",
  "parameterValues" : [ ]
}