{
  "uid" : "f62a93c5cf0cc901",
  "name" : "test_editdata",
  "fullName" : "src.tests.automation.test_editdata#test_editdata",
  "historyId" : "2c9f6e54cccb96151632d5fe6abc9c90",
  "time" : {
    "start" : 1628620063810,
    "stop" : 1628620096408,
    "duration" : 32598
  },
  "status" : "passed",
  "flaky" : false,
  "newFailed" : false,
  "beforeStages" : [ ],
  "afterStages" : [ ],
  "labels" : [ {
    "name" : "parentSuite",
    "value" : "src.tests.automation"
  }, {
    "name" : "suite",
    "value" : "test_editdata"
  }, {
    "name" : "host",
    "value" : "fv-az28-873"
  }, {
    "name" : "thread",
    "value" : "4483-MainThread"
  }, {
    "name" : "framework",
    "value" : "pytest"
  }, {
    "name" : "language",
    "value" : "cpython3"
  }, {
    "name" : "package",
    "value" : "src.tests.automation.test_editdata"
  }, {
    "name" : "resultFormat",
    "value" : "allure2"
  } ],
  "parameters" : [ ],
  "links" : [ ],
  "hidden" : false,
  "retry" : false,
  "extra" : {
    "severity" : "normal",
    "retries" : [ ],
    "categories" : [ ],
    "history" : {
      "statistic" : {
        "failed" : 0,
        "broken" : 7,
        "skipped" : 0,
        "passed" : 3,
        "unknown" : 0,
        "total" : 10
      },
      "items" : [ {
        "uid" : "a2ed8b938ffcdb46",
        "reportUrl" : "https://avenhurkatolto.github.io/conduit-test/38//#testresult/a2ed8b938ffcdb46",
        "status" : "broken",
        "statusDetails" : "selenium.common.exceptions.WebDriverException: Message: unknown error: Chrome failed to start: exited abnormally.\n  (unknown error: DevToolsActivePort file doesn't exist)\n  (The process started from chrome location /snap/chromium/1691/usr/lib/chromium-browser/chrome is no longer running, so ChromeDriver is assuming that Chrome has crashed.)",
        "time" : {
          "start" : 1628619733588,
          "stop" : 1628619734719,
          "duration" : 1131
        }
      }, {
        "uid" : "3466ca702d97b533",
        "reportUrl" : "https://avenhurkatolto.github.io/conduit-test/37//#testresult/3466ca702d97b533",
        "status" : "passed",
        "time" : {
          "start" : 1628617134506,
          "stop" : 1628617166957,
          "duration" : 32451
        }
      }, {
        "uid" : "c78700a5c1527880",
        "reportUrl" : "https://avenhurkatolto.github.io/conduit-test/36//#testresult/c78700a5c1527880",
        "status" : "passed",
        "time" : {
          "start" : 1628616767693,
          "stop" : 1628616800222,
          "duration" : 32529
        }
      }, {
        "uid" : "2b5d2e151bb986bd",
        "reportUrl" : "https://avenhurkatolto.github.io/conduit-test/35//#testresult/2b5d2e151bb986bd",
        "status" : "broken",
        "statusDetails" : "selenium.common.exceptions.NoSuchElementException: Message: no such element: Unable to locate element: {\"method\":\"css selector\",\"selector\":\"#app > div > div > div > div > form > fieldset:nth-child(1) > input\"}\n  (Session info: headless chrome=92.0.4515.131)",
        "time" : {
          "start" : 1628615305922,
          "stop" : 1628615310398,
          "duration" : 4476
        }
      }, {
        "uid" : "b6383d27eeb18a0f",
        "reportUrl" : "https://avenhurkatolto.github.io/conduit-test/34//#testresult/b6383d27eeb18a0f",
        "status" : "broken",
        "statusDetails" : "selenium.common.exceptions.ElementClickInterceptedException: Message: element click intercepted: Element <button type=\"submit\" class=\"btn btn-lg pull-xs-right btn-primary\">...</button> is not clickable at point (1334, 497). Other element would receive the click: <div class=\"swal-overlay swal-overlay--show-modal\" tabindex=\"-1\">...</div>\n  (Session info: headless chrome=92.0.4515.131)",
        "time" : {
          "start" : 1628613278202,
          "stop" : 1628613294425,
          "duration" : 16223
        }
      }, {
        "uid" : "1659d9a4fb5a74b9",
        "reportUrl" : "https://avenhurkatolto.github.io/conduit-test/33//#testresult/1659d9a4fb5a74b9",
        "status" : "broken",
        "statusDetails" : "selenium.common.exceptions.ElementClickInterceptedException: Message: element click intercepted: Element <button type=\"submit\" class=\"btn btn-lg pull-xs-right btn-primary\">...</button> is not clickable at point (592, 497). Other element would receive the click: <div class=\"swal-overlay swal-overlay--show-modal\" tabindex=\"-1\">...</div>\n  (Session info: headless chrome=92.0.4515.131)",
        "time" : {
          "start" : 1628608002745,
          "stop" : 1628608018960,
          "duration" : 16215
        }
      }, {
        "uid" : "f44a531f820423e3",
        "reportUrl" : "https://avenhurkatolto.github.io/conduit-test/32//#testresult/f44a531f820423e3",
        "status" : "broken",
        "statusDetails" : "selenium.common.exceptions.ElementClickInterceptedException: Message: element click intercepted: Element <button type=\"submit\" class=\"btn btn-lg pull-xs-right btn-primary\">...</button> is not clickable at point (592, 497). Other element would receive the click: <div class=\"swal-overlay swal-overlay--show-modal\" tabindex=\"-1\">...</div>\n  (Session info: headless chrome=92.0.4515.131)",
        "time" : {
          "start" : 1628606536803,
          "stop" : 1628606552857,
          "duration" : 16054
        }
      }, {
        "uid" : "e682260e66e3751",
        "reportUrl" : "https://avenhurkatolto.github.io/conduit-test/31//#testresult/e682260e66e3751",
        "status" : "broken",
        "statusDetails" : "selenium.common.exceptions.WebDriverException: Message: 'chromedriver' executable needs to be in PATH. Please see https://sites.google.com/a/chromium.org/chromedriver/home",
        "time" : {
          "start" : 1628605932043,
          "stop" : 1628605932046,
          "duration" : 3
        }
      }, {
        "uid" : "868650829549968",
        "reportUrl" : "https://avenhurkatolto.github.io/conduit-test/30//#testresult/868650829549968",
        "status" : "broken",
        "statusDetails" : "selenium.common.exceptions.WebDriverException: Message: 'chromedriver' executable needs to be in PATH. Please see https://sites.google.com/a/chromium.org/chromedriver/home",
        "time" : {
          "start" : 1628605400852,
          "stop" : 1628605400855,
          "duration" : 3
        }
      } ]
    },
    "tags" : [ ]
  },
  "source" : "f62a93c5cf0cc901.json",
  "parameterValues" : [ ]
}