{
  "uid" : "ce85b18000c5d439",
  "name" : "test_login",
  "fullName" : "src.tests.automation.test_login#test_login",
  "historyId" : "57322d47627e683a42b0dbc7b4adf734",
  "time" : {
    "start" : 1628608031838,
    "stop" : 1628608039670,
    "duration" : 7832
  },
  "status" : "failed",
  "statusMessage" : "AssertionError: assert 'http://local...:1667/#/login' == 'http://localhost:1667/#/'\n  - http://localhost:1667/#/\n  + http://localhost:1667/#/login\n  ?                         +++++",
  "statusTrace" : "def test_login():\n    \n        chrome_options = Options()\n        chrome_options.add_argument('--no-sandbox')\n        chrome_options.add_argument('--headless')\n        chrome_options.add_argument('--disable-dev-shm-usage')\n    \n        name = \"user33\"\n        email = name + \"@hotmail.com\"\n        pw = \"Userpass1\"\n    \n        driver = webdriver.Chrome(options=chrome_options)\n    \n        driver.get(\"http://localhost:1667/#/login\")\n        time.sleep(3)\n        driver.find_element_by_css_selector(\"#app > div > div > div > div > form > fieldset:nth-child(1) > input\").send_keys(email)\n        driver.find_element_by_css_selector(\"#app > div > div > div > div > form > fieldset:nth-child(2) > input\").send_keys(pw)\n        driver.find_element_by_css_selector(\"#app > div > div > div > div > form > button\").click()\n    \n        time.sleep(3)\n>       assert driver.current_url == \"http://localhost:1667/#/\"\nE       AssertionError: assert 'http://local...:1667/#/login' == 'http://localhost:1667/#/'\nE         - http://localhost:1667/#/\nE         + http://localhost:1667/#/login\nE         ?                         +++++\n\nsrc/tests/automation/test_login.py:26: AssertionError",
  "flaky" : false,
  "newFailed" : false,
  "beforeStages" : [ ],
  "afterStages" : [ ],
  "labels" : [ {
    "name" : "parentSuite",
    "value" : "src.tests.automation"
  }, {
    "name" : "suite",
    "value" : "test_login"
  }, {
    "name" : "host",
    "value" : "fv-az81-527"
  }, {
    "name" : "thread",
    "value" : "4382-MainThread"
  }, {
    "name" : "framework",
    "value" : "pytest"
  }, {
    "name" : "language",
    "value" : "cpython3"
  }, {
    "name" : "package",
    "value" : "src.tests.automation.test_login"
  }, {
    "name" : "resultFormat",
    "value" : "allure2"
  } ],
  "parameters" : [ ],
  "links" : [ ],
  "hidden" : false,
  "retry" : false,
  "extra" : {
    "severity" : "normal",
    "retries" : [ ],
    "categories" : [ {
      "name" : "Product defects",
      "matchedStatuses" : [ ],
      "flaky" : false
    } ],
    "history" : {
      "statistic" : {
        "failed" : 3,
        "broken" : 1,
        "skipped" : 0,
        "passed" : 0,
        "unknown" : 0,
        "total" : 4
      },
      "items" : [ {
        "uid" : "999956d9f40a15fb",
        "reportUrl" : "https://avenhurkatolto.github.io/conduit-test/32//#testresult/999956d9f40a15fb",
        "status" : "failed",
        "statusDetails" : "AssertionError: assert 'http://local...:1667/#/login' == 'http://localhost:1667/#/'\n  - http://localhost:1667/#/\n  + http://localhost:1667/#/login\n  ?                         +++++",
        "time" : {
          "start" : 1628606565616,
          "stop" : 1628606573305,
          "duration" : 7689
        }
      }, {
        "uid" : "9b39bc7ac2b46c11",
        "reportUrl" : "https://avenhurkatolto.github.io/conduit-test/31//#testresult/9b39bc7ac2b46c11",
        "status" : "failed",
        "statusDetails" : "AssertionError: assert 'http://local...:1667/#/login' == 'http://localhost:1667/#/'\n  - http://localhost:1667/#/\n  + http://localhost:1667/#/login\n  ?                         +++++",
        "time" : {
          "start" : 1628605932165,
          "stop" : 1628605939849,
          "duration" : 7684
        }
      }, {
        "uid" : "5684deea4fd52a33",
        "reportUrl" : "https://avenhurkatolto.github.io/conduit-test/30//#testresult/5684deea4fd52a33",
        "status" : "broken",
        "statusDetails" : "selenium.common.exceptions.WebDriverException: Message: unknown error: net::ERR_CONNECTION_REFUSED\n  (Session info: headless chrome=92.0.4515.131)",
        "time" : {
          "start" : 1628605400988,
          "stop" : 1628605402195,
          "duration" : 1207
        }
      } ]
    },
    "tags" : [ ]
  },
  "source" : "ce85b18000c5d439.json",
  "parameterValues" : [ ]
}