{
  "d4f3ade3828f40ffe7afceffe0237ce1" : {
    "statistic" : {
      "failed" : 0,
      "broken" : 4,
      "skipped" : 0,
      "passed" : 0,
      "unknown" : 0,
      "total" : 4
    },
    "items" : [ {
      "uid" : "671c3f1d99ab5d0",
      "reportUrl" : "https://avenhurkatolto.github.io/conduit-test/33//#testresult/671c3f1d99ab5d0",
      "status" : "broken",
      "statusDetails" : "FileNotFoundError: [Errno 2] No such file or directory: 'counter.txt'",
      "time" : {
        "start" : 1628608039675,
        "stop" : 1628608039676,
        "duration" : 1
      }
    }, {
      "uid" : "dc229c68e9a7004f",
      "reportUrl" : "https://avenhurkatolto.github.io/conduit-test/32//#testresult/dc229c68e9a7004f",
      "status" : "broken",
      "statusDetails" : "FileNotFoundError: [Errno 2] No such file or directory: 'counter.txt'",
      "time" : {
        "start" : 1628606573310,
        "stop" : 1628606573311,
        "duration" : 1
      }
    }, {
      "uid" : "b50510d227124b33",
      "reportUrl" : "https://avenhurkatolto.github.io/conduit-test/31//#testresult/b50510d227124b33",
      "status" : "broken",
      "statusDetails" : "FileNotFoundError: [Errno 2] No such file or directory: 'counter.txt'",
      "time" : {
        "start" : 1628605939854,
        "stop" : 1628605939854,
        "duration" : 0
      }
    }, {
      "uid" : "1268f7414d802b03",
      "reportUrl" : "https://avenhurkatolto.github.io/conduit-test/30//#testresult/1268f7414d802b03",
      "status" : "broken",
      "statusDetails" : "FileNotFoundError: [Errno 2] No such file or directory: 'counter.txt'",
      "time" : {
        "start" : 1628605402229,
        "stop" : 1628605402229,
        "duration" : 0
      }
    } ]
  },
  "600d21e239225d6eeebf5f1a0e0465ee" : {
    "statistic" : {
      "failed" : 0,
      "broken" : 4,
      "skipped" : 0,
      "passed" : 0,
      "unknown" : 0,
      "total" : 4
    },
    "items" : [ {
      "uid" : "117079b88608ac15",
      "reportUrl" : "https://avenhurkatolto.github.io/conduit-test/33//#testresult/117079b88608ac15",
      "status" : "broken",
      "statusDetails" : "IndexError: list index out of range",
      "time" : {
        "start" : 1628608039680,
        "stop" : 1628608052508,
        "duration" : 12828
      }
    }, {
      "uid" : "d7a08670045b930c",
      "reportUrl" : "https://avenhurkatolto.github.io/conduit-test/32//#testresult/d7a08670045b930c",
      "status" : "broken",
      "statusDetails" : "IndexError: list index out of range",
      "time" : {
        "start" : 1628606573314,
        "stop" : 1628606586051,
        "duration" : 12737
      }
    }, {
      "uid" : "5006615cfd74fed6",
      "reportUrl" : "https://avenhurkatolto.github.io/conduit-test/31//#testresult/5006615cfd74fed6",
      "status" : "broken",
      "statusDetails" : "selenium.common.exceptions.WebDriverException: Message: 'chromedriver' executable needs to be in PATH. Please see https://sites.google.com/a/chromium.org/chromedriver/home",
      "time" : {
        "start" : 1628605939858,
        "stop" : 1628605939860,
        "duration" : 2
      }
    }, {
      "uid" : "7491f4dedfd444fd",
      "reportUrl" : "https://avenhurkatolto.github.io/conduit-test/30//#testresult/7491f4dedfd444fd",
      "status" : "broken",
      "statusDetails" : "selenium.common.exceptions.WebDriverException: Message: 'chromedriver' executable needs to be in PATH. Please see https://sites.google.com/a/chromium.org/chromedriver/home",
      "time" : {
        "start" : 1628605402232,
        "stop" : 1628605402235,
        "duration" : 3
      }
    } ]
  },
  "2c9f6e54cccb96151632d5fe6abc9c90" : {
    "statistic" : {
      "failed" : 0,
      "broken" : 4,
      "skipped" : 0,
      "passed" : 0,
      "unknown" : 0,
      "total" : 4
    },
    "items" : [ {
      "uid" : "1659d9a4fb5a74b9",
      "reportUrl" : "https://avenhurkatolto.github.io/conduit-test/33//#testresult/1659d9a4fb5a74b9",
      "status" : "broken",
      "statusDetails" : "selenium.common.exceptions.ElementClickInterceptedException: Message: element click intercepted: Element <button type=\"submit\" class=\"btn btn-lg pull-xs-right btn-primary\">...</button> is not clickable at point (592, 497). Other element would receive the click: <div class=\"swal-overlay swal-overlay--show-modal\" tabindex=\"-1\">...</div>\n  (Session info: headless chrome=92.0.4515.131)",
      "time" : {
        "start" : 1628608002745,
        "stop" : 1628608018960,
        "duration" : 16215
      }
    }, {
      "uid" : "f44a531f820423e3",
      "reportUrl" : "https://avenhurkatolto.github.io/conduit-test/32//#testresult/f44a531f820423e3",
      "status" : "broken",
      "statusDetails" : "selenium.common.exceptions.ElementClickInterceptedException: Message: element click intercepted: Element <button type=\"submit\" class=\"btn btn-lg pull-xs-right btn-primary\">...</button> is not clickable at point (592, 497). Other element would receive the click: <div class=\"swal-overlay swal-overlay--show-modal\" tabindex=\"-1\">...</div>\n  (Session info: headless chrome=92.0.4515.131)",
      "time" : {
        "start" : 1628606536803,
        "stop" : 1628606552857,
        "duration" : 16054
      }
    }, {
      "uid" : "e682260e66e3751",
      "reportUrl" : "https://avenhurkatolto.github.io/conduit-test/31//#testresult/e682260e66e3751",
      "status" : "broken",
      "statusDetails" : "selenium.common.exceptions.WebDriverException: Message: 'chromedriver' executable needs to be in PATH. Please see https://sites.google.com/a/chromium.org/chromedriver/home",
      "time" : {
        "start" : 1628605932043,
        "stop" : 1628605932046,
        "duration" : 3
      }
    }, {
      "uid" : "868650829549968",
      "reportUrl" : "https://avenhurkatolto.github.io/conduit-test/30//#testresult/868650829549968",
      "status" : "broken",
      "statusDetails" : "selenium.common.exceptions.WebDriverException: Message: 'chromedriver' executable needs to be in PATH. Please see https://sites.google.com/a/chromium.org/chromedriver/home",
      "time" : {
        "start" : 1628605400852,
        "stop" : 1628605400855,
        "duration" : 3
      }
    } ]
  },
  "34bf37d0bca36c67c34e4b7522105d80" : {
    "statistic" : {
      "failed" : 0,
      "broken" : 2,
      "skipped" : 0,
      "passed" : 2,
      "unknown" : 0,
      "total" : 4
    },
    "items" : [ {
      "uid" : "6c54513524d564b9",
      "reportUrl" : "https://avenhurkatolto.github.io/conduit-test/33//#testresult/6c54513524d564b9",
      "status" : "passed",
      "time" : {
        "start" : 1628608052515,
        "stop" : 1628608058172,
        "duration" : 5657
      }
    }, {
      "uid" : "66861288f1458c74",
      "reportUrl" : "https://avenhurkatolto.github.io/conduit-test/32//#testresult/66861288f1458c74",
      "status" : "passed",
      "time" : {
        "start" : 1628606586059,
        "stop" : 1628606591640,
        "duration" : 5581
      }
    }, {
      "uid" : "25d18445535c6ea5",
      "reportUrl" : "https://avenhurkatolto.github.io/conduit-test/31//#testresult/25d18445535c6ea5",
      "status" : "broken",
      "statusDetails" : "selenium.common.exceptions.WebDriverException: Message: 'chromedriver' executable needs to be in PATH. Please see https://sites.google.com/a/chromium.org/chromedriver/home",
      "time" : {
        "start" : 1628605939974,
        "stop" : 1628605939976,
        "duration" : 2
      }
    }, {
      "uid" : "103f28488171e761",
      "reportUrl" : "https://avenhurkatolto.github.io/conduit-test/30//#testresult/103f28488171e761",
      "status" : "broken",
      "statusDetails" : "selenium.common.exceptions.WebDriverException: Message: 'chromedriver' executable needs to be in PATH. Please see https://sites.google.com/a/chromium.org/chromedriver/home",
      "time" : {
        "start" : 1628605402302,
        "stop" : 1628605402304,
        "duration" : 2
      }
    } ]
  },
  "03a92a85874beb9876d9300edfb20540" : {
    "statistic" : {
      "failed" : 0,
      "broken" : 4,
      "skipped" : 0,
      "passed" : 0,
      "unknown" : 0,
      "total" : 4
    },
    "items" : [ {
      "uid" : "cfe222008c7e20e",
      "reportUrl" : "https://avenhurkatolto.github.io/conduit-test/33//#testresult/cfe222008c7e20e",
      "status" : "broken",
      "statusDetails" : "FileNotFoundError: [Errno 2] No such file or directory: 'counter.txt'",
      "time" : {
        "start" : 1628608058175,
        "stop" : 1628608058176,
        "duration" : 1
      }
    }, {
      "uid" : "1f25d78207605b4c",
      "reportUrl" : "https://avenhurkatolto.github.io/conduit-test/32//#testresult/1f25d78207605b4c",
      "status" : "broken",
      "statusDetails" : "FileNotFoundError: [Errno 2] No such file or directory: 'counter.txt'",
      "time" : {
        "start" : 1628606591644,
        "stop" : 1628606591644,
        "duration" : 0
      }
    }, {
      "uid" : "43705f05f1e56a8d",
      "reportUrl" : "https://avenhurkatolto.github.io/conduit-test/31//#testresult/43705f05f1e56a8d",
      "status" : "broken",
      "statusDetails" : "FileNotFoundError: [Errno 2] No such file or directory: 'counter.txt'",
      "time" : {
        "start" : 1628605940032,
        "stop" : 1628605940032,
        "duration" : 0
      }
    }, {
      "uid" : "65abdd157090c8ab",
      "reportUrl" : "https://avenhurkatolto.github.io/conduit-test/30//#testresult/65abdd157090c8ab",
      "status" : "broken",
      "statusDetails" : "FileNotFoundError: [Errno 2] No such file or directory: 'counter.txt'",
      "time" : {
        "start" : 1628605402434,
        "stop" : 1628605402434,
        "duration" : 0
      }
    } ]
  },
  "57322d47627e683a42b0dbc7b4adf734" : {
    "statistic" : {
      "failed" : 3,
      "broken" : 1,
      "skipped" : 0,
      "passed" : 0,
      "unknown" : 0,
      "total" : 4
    },
    "items" : [ {
      "uid" : "ce85b18000c5d439",
      "reportUrl" : "https://avenhurkatolto.github.io/conduit-test/33//#testresult/ce85b18000c5d439",
      "status" : "failed",
      "statusDetails" : "AssertionError: assert 'http://local...:1667/#/login' == 'http://localhost:1667/#/'\n  - http://localhost:1667/#/\n  + http://localhost:1667/#/login\n  ?                         +++++",
      "time" : {
        "start" : 1628608031838,
        "stop" : 1628608039670,
        "duration" : 7832
      }
    }, {
      "uid" : "999956d9f40a15fb",
      "reportUrl" : "https://avenhurkatolto.github.io/conduit-test/32//#testresult/999956d9f40a15fb",
      "status" : "failed",
      "statusDetails" : "AssertionError: assert 'http://local...:1667/#/login' == 'http://localhost:1667/#/'\n  - http://localhost:1667/#/\n  + http://localhost:1667/#/login\n  ?                         +++++",
      "time" : {
        "start" : 1628606565616,
        "stop" : 1628606573305,
        "duration" : 7689
      }
    }, {
      "uid" : "9b39bc7ac2b46c11",
      "reportUrl" : "https://avenhurkatolto.github.io/conduit-test/31//#testresult/9b39bc7ac2b46c11",
      "status" : "failed",
      "statusDetails" : "AssertionError: assert 'http://local...:1667/#/login' == 'http://localhost:1667/#/'\n  - http://localhost:1667/#/\n  + http://localhost:1667/#/login\n  ?                         +++++",
      "time" : {
        "start" : 1628605932165,
        "stop" : 1628605939849,
        "duration" : 7684
      }
    }, {
      "uid" : "5684deea4fd52a33",
      "reportUrl" : "https://avenhurkatolto.github.io/conduit-test/30//#testresult/5684deea4fd52a33",
      "status" : "broken",
      "statusDetails" : "selenium.common.exceptions.WebDriverException: Message: unknown error: net::ERR_CONNECTION_REFUSED\n  (Session info: headless chrome=92.0.4515.131)",
      "time" : {
        "start" : 1628605400988,
        "stop" : 1628605402195,
        "duration" : 1207
      }
    } ]
  },
  "060023d30fffe9a2f7368db593bb8284" : {
    "statistic" : {
      "failed" : 0,
      "broken" : 4,
      "skipped" : 0,
      "passed" : 0,
      "unknown" : 0,
      "total" : 4
    },
    "items" : [ {
      "uid" : "d2d282a24019e64b",
      "reportUrl" : "https://avenhurkatolto.github.io/conduit-test/33//#testresult/d2d282a24019e64b",
      "status" : "broken",
      "statusDetails" : "selenium.common.exceptions.NoSuchElementException: Message: no such element: Unable to locate element: {\"method\":\"css selector\",\"selector\":\"#app > div > div > div > div > form > fieldset:nth-child(1) > input\"}\n  (Session info: headless chrome=92.0.4515.131)",
      "time" : {
        "start" : 1628607985762,
        "stop" : 1628607990253,
        "duration" : 4491
      }
    }, {
      "uid" : "f94c06c4cf3da0bf",
      "reportUrl" : "https://avenhurkatolto.github.io/conduit-test/32//#testresult/f94c06c4cf3da0bf",
      "status" : "broken",
      "statusDetails" : "selenium.common.exceptions.ElementClickInterceptedException: Message: element click intercepted: Element <button type=\"submit\" class=\"btn btn-lg pull-xs-right btn-primary\">...</button> is not clickable at point (592, 497). Other element would receive the click: <div class=\"swal-overlay swal-overlay--show-modal\" tabindex=\"-1\">...</div>\n  (Session info: headless chrome=92.0.4515.131)",
      "time" : {
        "start" : 1628606512411,
        "stop" : 1628606524533,
        "duration" : 12122
      }
    }, {
      "uid" : "f04678a6c4a988bb",
      "reportUrl" : "https://avenhurkatolto.github.io/conduit-test/31//#testresult/f04678a6c4a988bb",
      "status" : "broken",
      "statusDetails" : "selenium.common.exceptions.WebDriverException: Message: 'chromedriver' executable needs to be in PATH. Please see https://sites.google.com/a/chromium.org/chromedriver/home",
      "time" : {
        "start" : 1628605931831,
        "stop" : 1628605931833,
        "duration" : 2
      }
    }, {
      "uid" : "4f42877b83e6a906",
      "reportUrl" : "https://avenhurkatolto.github.io/conduit-test/30//#testresult/4f42877b83e6a906",
      "status" : "broken",
      "statusDetails" : "selenium.common.exceptions.WebDriverException: Message: 'chromedriver' executable needs to be in PATH. Please see https://sites.google.com/a/chromium.org/chromedriver/home",
      "time" : {
        "start" : 1628605400615,
        "stop" : 1628605400618,
        "duration" : 3
      }
    } ]
  },
  "5c2626a9677e3024c4629bb0a302c01e" : {
    "statistic" : {
      "failed" : 0,
      "broken" : 4,
      "skipped" : 0,
      "passed" : 0,
      "unknown" : 0,
      "total" : 4
    },
    "items" : [ {
      "uid" : "a60ac34120b8f7bb",
      "reportUrl" : "https://avenhurkatolto.github.io/conduit-test/33//#testresult/a60ac34120b8f7bb",
      "status" : "broken",
      "statusDetails" : "FileNotFoundError: [Errno 2] No such file or directory: 'input.txt'",
      "time" : {
        "start" : 1628608058180,
        "stop" : 1628608066016,
        "duration" : 7836
      }
    }, {
      "uid" : "c72db53c18ba4682",
      "reportUrl" : "https://avenhurkatolto.github.io/conduit-test/32//#testresult/c72db53c18ba4682",
      "status" : "broken",
      "statusDetails" : "FileNotFoundError: [Errno 2] No such file or directory: 'input.txt'",
      "time" : {
        "start" : 1628606591649,
        "stop" : 1628606599367,
        "duration" : 7718
      }
    }, {
      "uid" : "5af0d68c510255f",
      "reportUrl" : "https://avenhurkatolto.github.io/conduit-test/31//#testresult/5af0d68c510255f",
      "status" : "broken",
      "statusDetails" : "selenium.common.exceptions.WebDriverException: Message: 'chromedriver' executable needs to be in PATH. Please see https://sites.google.com/a/chromium.org/chromedriver/home",
      "time" : {
        "start" : 1628605940035,
        "stop" : 1628605940038,
        "duration" : 3
      }
    }, {
      "uid" : "92a503009251f14d",
      "reportUrl" : "https://avenhurkatolto.github.io/conduit-test/30//#testresult/92a503009251f14d",
      "status" : "broken",
      "statusDetails" : "selenium.common.exceptions.WebDriverException: Message: 'chromedriver' executable needs to be in PATH. Please see https://sites.google.com/a/chromium.org/chromedriver/home",
      "time" : {
        "start" : 1628605402438,
        "stop" : 1628605402440,
        "duration" : 2
      }
    } ]
  },
  "586e31dc82a9189f4570cc6a763db834" : {
    "statistic" : {
      "failed" : 0,
      "broken" : 0,
      "skipped" : 0,
      "passed" : 6,
      "unknown" : 0,
      "total" : 6
    },
    "items" : [ {
      "uid" : "6cd384fc56b36327",
      "reportUrl" : "https://avenhurkatolto.github.io/conduit-test/33//#testresult/6cd384fc56b36327",
      "status" : "passed",
      "time" : {
        "start" : 1628607974923,
        "stop" : 1628607985753,
        "duration" : 10830
      }
    }, {
      "uid" : "2661c4a8c714165f",
      "reportUrl" : "https://avenhurkatolto.github.io/conduit-test/32//#testresult/2661c4a8c714165f",
      "status" : "passed",
      "time" : {
        "start" : 1628606501626,
        "stop" : 1628606512407,
        "duration" : 10781
      }
    }, {
      "uid" : "3830a3c21897ba46",
      "reportUrl" : "https://avenhurkatolto.github.io/conduit-test/31//#testresult/3830a3c21897ba46",
      "status" : "passed",
      "time" : {
        "start" : 1628605921184,
        "stop" : 1628605931827,
        "duration" : 10643
      }
    }, {
      "uid" : "4a13cea2b21e036f",
      "reportUrl" : "https://avenhurkatolto.github.io/conduit-test/30//#testresult/4a13cea2b21e036f",
      "status" : "passed",
      "time" : {
        "start" : 1628605389861,
        "stop" : 1628605400612,
        "duration" : 10751
      }
    }, {
      "uid" : "3f3d8d62c36ebb26",
      "reportUrl" : "https://avenhurkatolto.github.io/conduit-test/29//#testresult/3f3d8d62c36ebb26",
      "status" : "passed",
      "time" : {
        "start" : 1628516418034,
        "stop" : 1628516428388,
        "duration" : 10354
      }
    }, {
      "uid" : "9df20716e8d8aca8",
      "reportUrl" : "https://avenhurkatolto.github.io/conduit-test/28//#testresult/9df20716e8d8aca8",
      "status" : "passed",
      "time" : {
        "start" : 1628511622642,
        "stop" : 1628511633296,
        "duration" : 10654
      }
    } ]
  },
  "785ec36f7ad143dce1dc717384ddf197" : {
    "statistic" : {
      "failed" : 0,
      "broken" : 4,
      "skipped" : 0,
      "passed" : 0,
      "unknown" : 0,
      "total" : 4
    },
    "items" : [ {
      "uid" : "e09e4faea6357620",
      "reportUrl" : "https://avenhurkatolto.github.io/conduit-test/33//#testresult/e09e4faea6357620",
      "status" : "broken",
      "statusDetails" : "selenium.common.exceptions.ElementClickInterceptedException: Message: element click intercepted: Element <button type=\"submit\" class=\"btn btn-lg pull-xs-right btn-primary\">...</button> is not clickable at point (592, 497). Other element would receive the click: <div class=\"swal-overlay swal-overlay--show-modal\" tabindex=\"-1\">...</div>\n  (Session info: headless chrome=92.0.4515.131)",
      "time" : {
        "start" : 1628607990409,
        "stop" : 1628608002633,
        "duration" : 12224
      }
    }, {
      "uid" : "2a6b070210dd8853",
      "reportUrl" : "https://avenhurkatolto.github.io/conduit-test/32//#testresult/2a6b070210dd8853",
      "status" : "broken",
      "statusDetails" : "selenium.common.exceptions.ElementClickInterceptedException: Message: element click intercepted: Element <button type=\"submit\" class=\"btn btn-lg pull-xs-right btn-primary\">...</button> is not clickable at point (592, 497). Other element would receive the click: <div class=\"swal-overlay swal-overlay--show-modal\" tabindex=\"-1\">...</div>\n  (Session info: headless chrome=92.0.4515.131)",
      "time" : {
        "start" : 1628606524676,
        "stop" : 1628606536763,
        "duration" : 12087
      }
    }, {
      "uid" : "7e468652cce3517f",
      "reportUrl" : "https://avenhurkatolto.github.io/conduit-test/31//#testresult/7e468652cce3517f",
      "status" : "broken",
      "statusDetails" : "selenium.common.exceptions.WebDriverException: Message: 'chromedriver' executable needs to be in PATH. Please see https://sites.google.com/a/chromium.org/chromedriver/home",
      "time" : {
        "start" : 1628605931986,
        "stop" : 1628605931988,
        "duration" : 2
      }
    }, {
      "uid" : "15aacb76fc70ba00",
      "reportUrl" : "https://avenhurkatolto.github.io/conduit-test/30//#testresult/15aacb76fc70ba00",
      "status" : "broken",
      "statusDetails" : "selenium.common.exceptions.WebDriverException: Message: 'chromedriver' executable needs to be in PATH. Please see https://sites.google.com/a/chromium.org/chromedriver/home",
      "time" : {
        "start" : 1628605400786,
        "stop" : 1628605400788,
        "duration" : 2
      }
    } ]
  },
  "e567a95de508dd5bf0cfbffbadbd97ba" : {
    "statistic" : {
      "failed" : 0,
      "broken" : 4,
      "skipped" : 0,
      "passed" : 0,
      "unknown" : 0,
      "total" : 4
    },
    "items" : [ {
      "uid" : "58dd80834993af37",
      "reportUrl" : "https://avenhurkatolto.github.io/conduit-test/33//#testresult/58dd80834993af37",
      "status" : "broken",
      "statusDetails" : "IndexError: list index out of range",
      "time" : {
        "start" : 1628608019003,
        "stop" : 1628608031830,
        "duration" : 12827
      }
    }, {
      "uid" : "8a200f2d5d93d444",
      "reportUrl" : "https://avenhurkatolto.github.io/conduit-test/32//#testresult/8a200f2d5d93d444",
      "status" : "broken",
      "statusDetails" : "IndexError: list index out of range",
      "time" : {
        "start" : 1628606552897,
        "stop" : 1628606565610,
        "duration" : 12713
      }
    }, {
      "uid" : "b9ae2031f8f2a7ce",
      "reportUrl" : "https://avenhurkatolto.github.io/conduit-test/31//#testresult/b9ae2031f8f2a7ce",
      "status" : "broken",
      "statusDetails" : "selenium.common.exceptions.WebDriverException: Message: 'chromedriver' executable needs to be in PATH. Please see https://sites.google.com/a/chromium.org/chromedriver/home",
      "time" : {
        "start" : 1628605932106,
        "stop" : 1628605932109,
        "duration" : 3
      }
    }, {
      "uid" : "5a6c47fae6832233",
      "reportUrl" : "https://avenhurkatolto.github.io/conduit-test/30//#testresult/5a6c47fae6832233",
      "status" : "broken",
      "statusDetails" : "selenium.common.exceptions.WebDriverException: Message: 'chromedriver' executable needs to be in PATH. Please see https://sites.google.com/a/chromium.org/chromedriver/home",
      "time" : {
        "start" : 1628605400918,
        "stop" : 1628605400920,
        "duration" : 2
      }
    } ]
  }
}