{
  "uid" : "a7ce6ae2384f709e",
  "name" : "test_writefromfile",
  "fullName" : "src.tests.automation.test_writefromfile#test_writefromfile",
  "historyId" : "5c2626a9677e3024c4629bb0a302c01e",
  "time" : {
    "start" : 1628616860688,
    "stop" : 1628616891267,
    "duration" : 30579
  },
  "status" : "passed",
  "flaky" : false,
  "newFailed" : false,
  "beforeStages" : [ ],
  "testStage" : {
    "status" : "passed",
    "steps" : [ ],
    "attachments" : [ {
      "uid" : "171cf6eb4ede7a4c",
      "name" : "stdout",
      "source" : "171cf6eb4ede7a4c.txt",
      "type" : "text/plain",
      "size" : 65
    } ],
    "parameters" : [ ],
    "stepsCount" : 0,
    "attachmentsCount" : 1,
    "shouldDisplayMessage" : false,
    "hasContent" : true
  },
  "afterStages" : [ ],
  "labels" : [ {
    "name" : "parentSuite",
    "value" : "src.tests.automation"
  }, {
    "name" : "suite",
    "value" : "test_writefromfile"
  }, {
    "name" : "host",
    "value" : "fv-az81-527"
  }, {
    "name" : "thread",
    "value" : "4443-MainThread"
  }, {
    "name" : "framework",
    "value" : "pytest"
  }, {
    "name" : "language",
    "value" : "cpython3"
  }, {
    "name" : "package",
    "value" : "src.tests.automation.test_writefromfile"
  }, {
    "name" : "resultFormat",
    "value" : "allure2"
  } ],
  "parameters" : [ ],
  "links" : [ ],
  "hidden" : false,
  "retry" : false,
  "extra" : {
    "severity" : "normal",
    "retries" : [ ],
    "categories" : [ ],
    "history" : {
      "statistic" : {
        "failed" : 0,
        "broken" : 5,
        "skipped" : 0,
        "passed" : 2,
        "unknown" : 0,
        "total" : 7
      },
      "items" : [ {
        "uid" : "d2c12abd90fe73d8",
        "reportUrl" : "https://avenhurkatolto.github.io/conduit-test/35//#testresult/d2c12abd90fe73d8",
        "status" : "passed",
        "time" : {
          "start" : 1628615359525,
          "stop" : 1628615390094,
          "duration" : 30569
        }
      }, {
        "uid" : "8b761a4fb16c903f",
        "reportUrl" : "https://avenhurkatolto.github.io/conduit-test/34//#testresult/8b761a4fb16c903f",
        "status" : "broken",
        "statusDetails" : "selenium.common.exceptions.ElementClickInterceptedException: Message: element click intercepted: Element <a href=\"#/login\" class=\"nav-link router-link-exact-active active\" aria-current=\"page\">...</a> is not clickable at point (1407, 26). Other element would receive the click: <div class=\"swal-overlay swal-overlay--show-modal\" tabindex=\"-1\">...</div>\n  (Session info: headless chrome=92.0.4515.131)",
        "time" : {
          "start" : 1628613342159,
          "stop" : 1628613355993,
          "duration" : 13834
        }
      }, {
        "uid" : "a60ac34120b8f7bb",
        "reportUrl" : "https://avenhurkatolto.github.io/conduit-test/33//#testresult/a60ac34120b8f7bb",
        "status" : "broken",
        "statusDetails" : "FileNotFoundError: [Errno 2] No such file or directory: 'input.txt'",
        "time" : {
          "start" : 1628608058180,
          "stop" : 1628608066016,
          "duration" : 7836
        }
      }, {
        "uid" : "c72db53c18ba4682",
        "reportUrl" : "https://avenhurkatolto.github.io/conduit-test/32//#testresult/c72db53c18ba4682",
        "status" : "broken",
        "statusDetails" : "FileNotFoundError: [Errno 2] No such file or directory: 'input.txt'",
        "time" : {
          "start" : 1628606591649,
          "stop" : 1628606599367,
          "duration" : 7718
        }
      }, {
        "uid" : "5af0d68c510255f",
        "reportUrl" : "https://avenhurkatolto.github.io/conduit-test/31//#testresult/5af0d68c510255f",
        "status" : "broken",
        "statusDetails" : "selenium.common.exceptions.WebDriverException: Message: 'chromedriver' executable needs to be in PATH. Please see https://sites.google.com/a/chromium.org/chromedriver/home",
        "time" : {
          "start" : 1628605940035,
          "stop" : 1628605940038,
          "duration" : 3
        }
      }, {
        "uid" : "92a503009251f14d",
        "reportUrl" : "https://avenhurkatolto.github.io/conduit-test/30//#testresult/92a503009251f14d",
        "status" : "broken",
        "statusDetails" : "selenium.common.exceptions.WebDriverException: Message: 'chromedriver' executable needs to be in PATH. Please see https://sites.google.com/a/chromium.org/chromedriver/home",
        "time" : {
          "start" : 1628605402438,
          "stop" : 1628605402440,
          "duration" : 2
        }
      } ]
    },
    "tags" : [ ]
  },
  "source" : "a7ce6ae2384f709e.json",
  "parameterValues" : [ ]
}