{
  "d4f3ade3828f40ffe7afceffe0237ce1" : {
    "statistic" : {
      "failed" : 0,
      "broken" : 8,
      "skipped" : 0,
      "passed" : 1,
      "unknown" : 0,
      "total" : 9
    },
    "items" : [ {
      "uid" : "386436eeaf97a6e6",
      "reportUrl" : "https://avenhurkatolto.github.io/conduit-test/38//#testresult/386436eeaf97a6e6",
      "status" : "broken",
      "statusDetails" : "selenium.common.exceptions.WebDriverException: Message: unknown error: Chrome failed to start: exited abnormally.\n  (unknown error: DevToolsActivePort file doesn't exist)\n  (The process started from chrome location /snap/chromium/1691/usr/lib/chromium-browser/chrome is no longer running, so ChromeDriver is assuming that Chrome has crashed.)",
      "time" : {
        "start" : 1628619737225,
        "stop" : 1628619738353,
        "duration" : 1128
      }
    }, {
      "uid" : "c8103c555a9afde0",
      "reportUrl" : "https://avenhurkatolto.github.io/conduit-test/37//#testresult/c8103c555a9afde0",
      "status" : "passed",
      "time" : {
        "start" : 1628617187627,
        "stop" : 1628617204541,
        "duration" : 16914
      }
    }, {
      "uid" : "bd616e72bd3e9e38",
      "reportUrl" : "https://avenhurkatolto.github.io/conduit-test/36//#testresult/bd616e72bd3e9e38",
      "status" : "broken",
      "statusDetails" : "selenium.common.exceptions.NoSuchElementException: Message: no such element: Unable to locate element: {\"method\":\"css selector\",\"selector\":\"#app > nav > div > ul > li:nth-child(5) > a\"}\n  (Session info: headless chrome=92.0.4515.131)",
      "time" : {
        "start" : 1628616821082,
        "stop" : 1628616832991,
        "duration" : 11909
      }
    }, {
      "uid" : "badc72840c4073a7",
      "reportUrl" : "https://avenhurkatolto.github.io/conduit-test/35//#testresult/badc72840c4073a7",
      "status" : "broken",
      "statusDetails" : "FileNotFoundError: [Errno 2] No such file or directory: '/home/runner/work/conduit-test/conduit-test/src/tests/automation/counter.txt.txt'",
      "time" : {
        "start" : 1628615331595,
        "stop" : 1628615331595,
        "duration" : 0
      }
    }, {
      "uid" : "2b9cb871b4050ac7",
      "reportUrl" : "https://avenhurkatolto.github.io/conduit-test/34//#testresult/2b9cb871b4050ac7",
      "status" : "broken",
      "statusDetails" : "FileNotFoundError: [Errno 2] No such file or directory: '/home/runner/work/conduit-test/conduit-test/src/tests/automation/counter.txt.txt'",
      "time" : {
        "start" : 1628613314940,
        "stop" : 1628613314940,
        "duration" : 0
      }
    }, {
      "uid" : "671c3f1d99ab5d0",
      "reportUrl" : "https://avenhurkatolto.github.io/conduit-test/33//#testresult/671c3f1d99ab5d0",
      "status" : "broken",
      "statusDetails" : "FileNotFoundError: [Errno 2] No such file or directory: 'counter.txt'",
      "time" : {
        "start" : 1628608039675,
        "stop" : 1628608039676,
        "duration" : 1
      }
    }, {
      "uid" : "dc229c68e9a7004f",
      "reportUrl" : "https://avenhurkatolto.github.io/conduit-test/32//#testresult/dc229c68e9a7004f",
      "status" : "broken",
      "statusDetails" : "FileNotFoundError: [Errno 2] No such file or directory: 'counter.txt'",
      "time" : {
        "start" : 1628606573310,
        "stop" : 1628606573311,
        "duration" : 1
      }
    }, {
      "uid" : "b50510d227124b33",
      "reportUrl" : "https://avenhurkatolto.github.io/conduit-test/31//#testresult/b50510d227124b33",
      "status" : "broken",
      "statusDetails" : "FileNotFoundError: [Errno 2] No such file or directory: 'counter.txt'",
      "time" : {
        "start" : 1628605939854,
        "stop" : 1628605939854,
        "duration" : 0
      }
    }, {
      "uid" : "1268f7414d802b03",
      "reportUrl" : "https://avenhurkatolto.github.io/conduit-test/30//#testresult/1268f7414d802b03",
      "status" : "broken",
      "statusDetails" : "FileNotFoundError: [Errno 2] No such file or directory: 'counter.txt'",
      "time" : {
        "start" : 1628605402229,
        "stop" : 1628605402229,
        "duration" : 0
      }
    } ]
  },
  "600d21e239225d6eeebf5f1a0e0465ee" : {
    "statistic" : {
      "failed" : 0,
      "broken" : 6,
      "skipped" : 0,
      "passed" : 3,
      "unknown" : 0,
      "total" : 9
    },
    "items" : [ {
      "uid" : "405cb08ff2fcd644",
      "reportUrl" : "https://avenhurkatolto.github.io/conduit-test/38//#testresult/405cb08ff2fcd644",
      "status" : "broken",
      "statusDetails" : "selenium.common.exceptions.WebDriverException: Message: unknown error: Chrome failed to start: exited abnormally.\n  (unknown error: DevToolsActivePort file doesn't exist)\n  (The process started from chrome location /snap/chromium/1691/usr/lib/chromium-browser/chrome is no longer running, so ChromeDriver is assuming that Chrome has crashed.)",
      "time" : {
        "start" : 1628619738413,
        "stop" : 1628619739527,
        "duration" : 1114
      }
    }, {
      "uid" : "2baa0bd35a0e5a2",
      "reportUrl" : "https://avenhurkatolto.github.io/conduit-test/37//#testresult/2baa0bd35a0e5a2",
      "status" : "passed",
      "time" : {
        "start" : 1628617204543,
        "stop" : 1628617217836,
        "duration" : 13293
      }
    }, {
      "uid" : "ec1b48e2f30c2c72",
      "reportUrl" : "https://avenhurkatolto.github.io/conduit-test/36//#testresult/ec1b48e2f30c2c72",
      "status" : "passed",
      "time" : {
        "start" : 1628616833096,
        "stop" : 1628616846425,
        "duration" : 13329
      }
    }, {
      "uid" : "bedd14fd62a2a5a7",
      "reportUrl" : "https://avenhurkatolto.github.io/conduit-test/35//#testresult/bedd14fd62a2a5a7",
      "status" : "passed",
      "time" : {
        "start" : 1628615331708,
        "stop" : 1628615345159,
        "duration" : 13451
      }
    }, {
      "uid" : "4cc68ffcd39cb3a5",
      "reportUrl" : "https://avenhurkatolto.github.io/conduit-test/34//#testresult/4cc68ffcd39cb3a5",
      "status" : "broken",
      "statusDetails" : "IndexError: list index out of range",
      "time" : {
        "start" : 1628613314945,
        "stop" : 1628613327720,
        "duration" : 12775
      }
    }, {
      "uid" : "117079b88608ac15",
      "reportUrl" : "https://avenhurkatolto.github.io/conduit-test/33//#testresult/117079b88608ac15",
      "status" : "broken",
      "statusDetails" : "IndexError: list index out of range",
      "time" : {
        "start" : 1628608039680,
        "stop" : 1628608052508,
        "duration" : 12828
      }
    }, {
      "uid" : "d7a08670045b930c",
      "reportUrl" : "https://avenhurkatolto.github.io/conduit-test/32//#testresult/d7a08670045b930c",
      "status" : "broken",
      "statusDetails" : "IndexError: list index out of range",
      "time" : {
        "start" : 1628606573314,
        "stop" : 1628606586051,
        "duration" : 12737
      }
    }, {
      "uid" : "5006615cfd74fed6",
      "reportUrl" : "https://avenhurkatolto.github.io/conduit-test/31//#testresult/5006615cfd74fed6",
      "status" : "broken",
      "statusDetails" : "selenium.common.exceptions.WebDriverException: Message: 'chromedriver' executable needs to be in PATH. Please see https://sites.google.com/a/chromium.org/chromedriver/home",
      "time" : {
        "start" : 1628605939858,
        "stop" : 1628605939860,
        "duration" : 2
      }
    }, {
      "uid" : "7491f4dedfd444fd",
      "reportUrl" : "https://avenhurkatolto.github.io/conduit-test/30//#testresult/7491f4dedfd444fd",
      "status" : "broken",
      "statusDetails" : "selenium.common.exceptions.WebDriverException: Message: 'chromedriver' executable needs to be in PATH. Please see https://sites.google.com/a/chromium.org/chromedriver/home",
      "time" : {
        "start" : 1628605402232,
        "stop" : 1628605402235,
        "duration" : 3
      }
    } ]
  },
  "2c9f6e54cccb96151632d5fe6abc9c90" : {
    "statistic" : {
      "failed" : 0,
      "broken" : 7,
      "skipped" : 0,
      "passed" : 2,
      "unknown" : 0,
      "total" : 9
    },
    "items" : [ {
      "uid" : "a2ed8b938ffcdb46",
      "reportUrl" : "https://avenhurkatolto.github.io/conduit-test/38//#testresult/a2ed8b938ffcdb46",
      "status" : "broken",
      "statusDetails" : "selenium.common.exceptions.WebDriverException: Message: unknown error: Chrome failed to start: exited abnormally.\n  (unknown error: DevToolsActivePort file doesn't exist)\n  (The process started from chrome location /snap/chromium/1691/usr/lib/chromium-browser/chrome is no longer running, so ChromeDriver is assuming that Chrome has crashed.)",
      "time" : {
        "start" : 1628619733588,
        "stop" : 1628619734719,
        "duration" : 1131
      }
    }, {
      "uid" : "3466ca702d97b533",
      "reportUrl" : "https://avenhurkatolto.github.io/conduit-test/37//#testresult/3466ca702d97b533",
      "status" : "passed",
      "time" : {
        "start" : 1628617134506,
        "stop" : 1628617166957,
        "duration" : 32451
      }
    }, {
      "uid" : "c78700a5c1527880",
      "reportUrl" : "https://avenhurkatolto.github.io/conduit-test/36//#testresult/c78700a5c1527880",
      "status" : "passed",
      "time" : {
        "start" : 1628616767693,
        "stop" : 1628616800222,
        "duration" : 32529
      }
    }, {
      "uid" : "2b5d2e151bb986bd",
      "reportUrl" : "https://avenhurkatolto.github.io/conduit-test/35//#testresult/2b5d2e151bb986bd",
      "status" : "broken",
      "statusDetails" : "selenium.common.exceptions.NoSuchElementException: Message: no such element: Unable to locate element: {\"method\":\"css selector\",\"selector\":\"#app > div > div > div > div > form > fieldset:nth-child(1) > input\"}\n  (Session info: headless chrome=92.0.4515.131)",
      "time" : {
        "start" : 1628615305922,
        "stop" : 1628615310398,
        "duration" : 4476
      }
    }, {
      "uid" : "b6383d27eeb18a0f",
      "reportUrl" : "https://avenhurkatolto.github.io/conduit-test/34//#testresult/b6383d27eeb18a0f",
      "status" : "broken",
      "statusDetails" : "selenium.common.exceptions.ElementClickInterceptedException: Message: element click intercepted: Element <button type=\"submit\" class=\"btn btn-lg pull-xs-right btn-primary\">...</button> is not clickable at point (1334, 497). Other element would receive the click: <div class=\"swal-overlay swal-overlay--show-modal\" tabindex=\"-1\">...</div>\n  (Session info: headless chrome=92.0.4515.131)",
      "time" : {
        "start" : 1628613278202,
        "stop" : 1628613294425,
        "duration" : 16223
      }
    }, {
      "uid" : "1659d9a4fb5a74b9",
      "reportUrl" : "https://avenhurkatolto.github.io/conduit-test/33//#testresult/1659d9a4fb5a74b9",
      "status" : "broken",
      "statusDetails" : "selenium.common.exceptions.ElementClickInterceptedException: Message: element click intercepted: Element <button type=\"submit\" class=\"btn btn-lg pull-xs-right btn-primary\">...</button> is not clickable at point (592, 497). Other element would receive the click: <div class=\"swal-overlay swal-overlay--show-modal\" tabindex=\"-1\">...</div>\n  (Session info: headless chrome=92.0.4515.131)",
      "time" : {
        "start" : 1628608002745,
        "stop" : 1628608018960,
        "duration" : 16215
      }
    }, {
      "uid" : "f44a531f820423e3",
      "reportUrl" : "https://avenhurkatolto.github.io/conduit-test/32//#testresult/f44a531f820423e3",
      "status" : "broken",
      "statusDetails" : "selenium.common.exceptions.ElementClickInterceptedException: Message: element click intercepted: Element <button type=\"submit\" class=\"btn btn-lg pull-xs-right btn-primary\">...</button> is not clickable at point (592, 497). Other element would receive the click: <div class=\"swal-overlay swal-overlay--show-modal\" tabindex=\"-1\">...</div>\n  (Session info: headless chrome=92.0.4515.131)",
      "time" : {
        "start" : 1628606536803,
        "stop" : 1628606552857,
        "duration" : 16054
      }
    }, {
      "uid" : "e682260e66e3751",
      "reportUrl" : "https://avenhurkatolto.github.io/conduit-test/31//#testresult/e682260e66e3751",
      "status" : "broken",
      "statusDetails" : "selenium.common.exceptions.WebDriverException: Message: 'chromedriver' executable needs to be in PATH. Please see https://sites.google.com/a/chromium.org/chromedriver/home",
      "time" : {
        "start" : 1628605932043,
        "stop" : 1628605932046,
        "duration" : 3
      }
    }, {
      "uid" : "868650829549968",
      "reportUrl" : "https://avenhurkatolto.github.io/conduit-test/30//#testresult/868650829549968",
      "status" : "broken",
      "statusDetails" : "selenium.common.exceptions.WebDriverException: Message: 'chromedriver' executable needs to be in PATH. Please see https://sites.google.com/a/chromium.org/chromedriver/home",
      "time" : {
        "start" : 1628605400852,
        "stop" : 1628605400855,
        "duration" : 3
      }
    } ]
  },
  "34bf37d0bca36c67c34e4b7522105d80" : {
    "statistic" : {
      "failed" : 0,
      "broken" : 3,
      "skipped" : 0,
      "passed" : 6,
      "unknown" : 0,
      "total" : 9
    },
    "items" : [ {
      "uid" : "279c416dff769003",
      "reportUrl" : "https://avenhurkatolto.github.io/conduit-test/38//#testresult/279c416dff769003",
      "status" : "broken",
      "statusDetails" : "selenium.common.exceptions.WebDriverException: Message: unknown error: Chrome failed to start: exited abnormally.\n  (unknown error: DevToolsActivePort file doesn't exist)\n  (The process started from chrome location /snap/chromium/1691/usr/lib/chromium-browser/chrome is no longer running, so ChromeDriver is assuming that Chrome has crashed.)",
      "time" : {
        "start" : 1628619739572,
        "stop" : 1628619740686,
        "duration" : 1114
      }
    }, {
      "uid" : "88ff8f471279764a",
      "reportUrl" : "https://avenhurkatolto.github.io/conduit-test/37//#testresult/88ff8f471279764a",
      "status" : "passed",
      "time" : {
        "start" : 1628617217843,
        "stop" : 1628617223338,
        "duration" : 5495
      }
    }, {
      "uid" : "33d594bd9df37657",
      "reportUrl" : "https://avenhurkatolto.github.io/conduit-test/36//#testresult/33d594bd9df37657",
      "status" : "passed",
      "time" : {
        "start" : 1628616846429,
        "stop" : 1628616851971,
        "duration" : 5542
      }
    }, {
      "uid" : "22eb66f1b369c6a1",
      "reportUrl" : "https://avenhurkatolto.github.io/conduit-test/35//#testresult/22eb66f1b369c6a1",
      "status" : "passed",
      "time" : {
        "start" : 1628615345163,
        "stop" : 1628615350765,
        "duration" : 5602
      }
    }, {
      "uid" : "d2843cdb097ebf92",
      "reportUrl" : "https://avenhurkatolto.github.io/conduit-test/34//#testresult/d2843cdb097ebf92",
      "status" : "passed",
      "time" : {
        "start" : 1628613327726,
        "stop" : 1628613333339,
        "duration" : 5613
      }
    }, {
      "uid" : "6c54513524d564b9",
      "reportUrl" : "https://avenhurkatolto.github.io/conduit-test/33//#testresult/6c54513524d564b9",
      "status" : "passed",
      "time" : {
        "start" : 1628608052515,
        "stop" : 1628608058172,
        "duration" : 5657
      }
    }, {
      "uid" : "66861288f1458c74",
      "reportUrl" : "https://avenhurkatolto.github.io/conduit-test/32//#testresult/66861288f1458c74",
      "status" : "passed",
      "time" : {
        "start" : 1628606586059,
        "stop" : 1628606591640,
        "duration" : 5581
      }
    }, {
      "uid" : "25d18445535c6ea5",
      "reportUrl" : "https://avenhurkatolto.github.io/conduit-test/31//#testresult/25d18445535c6ea5",
      "status" : "broken",
      "statusDetails" : "selenium.common.exceptions.WebDriverException: Message: 'chromedriver' executable needs to be in PATH. Please see https://sites.google.com/a/chromium.org/chromedriver/home",
      "time" : {
        "start" : 1628605939974,
        "stop" : 1628605939976,
        "duration" : 2
      }
    }, {
      "uid" : "103f28488171e761",
      "reportUrl" : "https://avenhurkatolto.github.io/conduit-test/30//#testresult/103f28488171e761",
      "status" : "broken",
      "statusDetails" : "selenium.common.exceptions.WebDriverException: Message: 'chromedriver' executable needs to be in PATH. Please see https://sites.google.com/a/chromium.org/chromedriver/home",
      "time" : {
        "start" : 1628605402302,
        "stop" : 1628605402304,
        "duration" : 2
      }
    } ]
  },
  "03a92a85874beb9876d9300edfb20540" : {
    "statistic" : {
      "failed" : 0,
      "broken" : 5,
      "skipped" : 0,
      "passed" : 4,
      "unknown" : 0,
      "total" : 9
    },
    "items" : [ {
      "uid" : "c9a78ddd76b4ab57",
      "reportUrl" : "https://avenhurkatolto.github.io/conduit-test/38//#testresult/c9a78ddd76b4ab57",
      "status" : "broken",
      "statusDetails" : "selenium.common.exceptions.WebDriverException: Message: unknown error: Chrome failed to start: exited abnormally.\n  (unknown error: DevToolsActivePort file doesn't exist)\n  (The process started from chrome location /snap/chromium/1691/usr/lib/chromium-browser/chrome is no longer running, so ChromeDriver is assuming that Chrome has crashed.)",
      "time" : {
        "start" : 1628619740733,
        "stop" : 1628619741848,
        "duration" : 1115
      }
    }, {
      "uid" : "5857c21f820e6ee0",
      "reportUrl" : "https://avenhurkatolto.github.io/conduit-test/37//#testresult/5857c21f820e6ee0",
      "status" : "passed",
      "time" : {
        "start" : 1628617223340,
        "stop" : 1628617231952,
        "duration" : 8612
      }
    }, {
      "uid" : "7b7a810688b0a6c0",
      "reportUrl" : "https://avenhurkatolto.github.io/conduit-test/36//#testresult/7b7a810688b0a6c0",
      "status" : "passed",
      "time" : {
        "start" : 1628616851976,
        "stop" : 1628616860685,
        "duration" : 8709
      }
    }, {
      "uid" : "7fd420d14f9a0eb5",
      "reportUrl" : "https://avenhurkatolto.github.io/conduit-test/35//#testresult/7fd420d14f9a0eb5",
      "status" : "passed",
      "time" : {
        "start" : 1628615350768,
        "stop" : 1628615359521,
        "duration" : 8753
      }
    }, {
      "uid" : "5dbcbbbe8dcabac7",
      "reportUrl" : "https://avenhurkatolto.github.io/conduit-test/34//#testresult/5dbcbbbe8dcabac7",
      "status" : "passed",
      "time" : {
        "start" : 1628613333342,
        "stop" : 1628613342156,
        "duration" : 8814
      }
    }, {
      "uid" : "cfe222008c7e20e",
      "reportUrl" : "https://avenhurkatolto.github.io/conduit-test/33//#testresult/cfe222008c7e20e",
      "status" : "broken",
      "statusDetails" : "FileNotFoundError: [Errno 2] No such file or directory: 'counter.txt'",
      "time" : {
        "start" : 1628608058175,
        "stop" : 1628608058176,
        "duration" : 1
      }
    }, {
      "uid" : "1f25d78207605b4c",
      "reportUrl" : "https://avenhurkatolto.github.io/conduit-test/32//#testresult/1f25d78207605b4c",
      "status" : "broken",
      "statusDetails" : "FileNotFoundError: [Errno 2] No such file or directory: 'counter.txt'",
      "time" : {
        "start" : 1628606591644,
        "stop" : 1628606591644,
        "duration" : 0
      }
    }, {
      "uid" : "43705f05f1e56a8d",
      "reportUrl" : "https://avenhurkatolto.github.io/conduit-test/31//#testresult/43705f05f1e56a8d",
      "status" : "broken",
      "statusDetails" : "FileNotFoundError: [Errno 2] No such file or directory: 'counter.txt'",
      "time" : {
        "start" : 1628605940032,
        "stop" : 1628605940032,
        "duration" : 0
      }
    }, {
      "uid" : "65abdd157090c8ab",
      "reportUrl" : "https://avenhurkatolto.github.io/conduit-test/30//#testresult/65abdd157090c8ab",
      "status" : "broken",
      "statusDetails" : "FileNotFoundError: [Errno 2] No such file or directory: 'counter.txt'",
      "time" : {
        "start" : 1628605402434,
        "stop" : 1628605402434,
        "duration" : 0
      }
    } ]
  },
  "57322d47627e683a42b0dbc7b4adf734" : {
    "statistic" : {
      "failed" : 4,
      "broken" : 2,
      "skipped" : 0,
      "passed" : 3,
      "unknown" : 0,
      "total" : 9
    },
    "items" : [ {
      "uid" : "b29eb12030ecfaac",
      "reportUrl" : "https://avenhurkatolto.github.io/conduit-test/38//#testresult/b29eb12030ecfaac",
      "status" : "broken",
      "statusDetails" : "selenium.common.exceptions.WebDriverException: Message: unknown error: Chrome failed to start: exited abnormally.\n  (unknown error: DevToolsActivePort file doesn't exist)\n  (The process started from chrome location /snap/chromium/1691/usr/lib/chromium-browser/chrome is no longer running, so ChromeDriver is assuming that Chrome has crashed.)",
      "time" : {
        "start" : 1628619735987,
        "stop" : 1628619737156,
        "duration" : 1169
      }
    }, {
      "uid" : "71597d11054b6635",
      "reportUrl" : "https://avenhurkatolto.github.io/conduit-test/37//#testresult/71597d11054b6635",
      "status" : "passed",
      "time" : {
        "start" : 1628617180030,
        "stop" : 1628617187624,
        "duration" : 7594
      }
    }, {
      "uid" : "402f1e0ac17fe89",
      "reportUrl" : "https://avenhurkatolto.github.io/conduit-test/36//#testresult/402f1e0ac17fe89",
      "status" : "passed",
      "time" : {
        "start" : 1628616813432,
        "stop" : 1628616821079,
        "duration" : 7647
      }
    }, {
      "uid" : "9e5dc6423d3e4aa4",
      "reportUrl" : "https://avenhurkatolto.github.io/conduit-test/35//#testresult/9e5dc6423d3e4aa4",
      "status" : "passed",
      "time" : {
        "start" : 1628615323777,
        "stop" : 1628615331592,
        "duration" : 7815
      }
    }, {
      "uid" : "c4ffe910d502b11",
      "reportUrl" : "https://avenhurkatolto.github.io/conduit-test/34//#testresult/c4ffe910d502b11",
      "status" : "failed",
      "statusDetails" : "AssertionError: assert 'http://local...:1667/#/login' == 'http://localhost:1667/#/'\n  - http://localhost:1667/#/\n  + http://localhost:1667/#/login\n  ?                         +++++",
      "time" : {
        "start" : 1628613307182,
        "stop" : 1628613314934,
        "duration" : 7752
      }
    }, {
      "uid" : "ce85b18000c5d439",
      "reportUrl" : "https://avenhurkatolto.github.io/conduit-test/33//#testresult/ce85b18000c5d439",
      "status" : "failed",
      "statusDetails" : "AssertionError: assert 'http://local...:1667/#/login' == 'http://localhost:1667/#/'\n  - http://localhost:1667/#/\n  + http://localhost:1667/#/login\n  ?                         +++++",
      "time" : {
        "start" : 1628608031838,
        "stop" : 1628608039670,
        "duration" : 7832
      }
    }, {
      "uid" : "999956d9f40a15fb",
      "reportUrl" : "https://avenhurkatolto.github.io/conduit-test/32//#testresult/999956d9f40a15fb",
      "status" : "failed",
      "statusDetails" : "AssertionError: assert 'http://local...:1667/#/login' == 'http://localhost:1667/#/'\n  - http://localhost:1667/#/\n  + http://localhost:1667/#/login\n  ?                         +++++",
      "time" : {
        "start" : 1628606565616,
        "stop" : 1628606573305,
        "duration" : 7689
      }
    }, {
      "uid" : "9b39bc7ac2b46c11",
      "reportUrl" : "https://avenhurkatolto.github.io/conduit-test/31//#testresult/9b39bc7ac2b46c11",
      "status" : "failed",
      "statusDetails" : "AssertionError: assert 'http://local...:1667/#/login' == 'http://localhost:1667/#/'\n  - http://localhost:1667/#/\n  + http://localhost:1667/#/login\n  ?                         +++++",
      "time" : {
        "start" : 1628605932165,
        "stop" : 1628605939849,
        "duration" : 7684
      }
    }, {
      "uid" : "5684deea4fd52a33",
      "reportUrl" : "https://avenhurkatolto.github.io/conduit-test/30//#testresult/5684deea4fd52a33",
      "status" : "broken",
      "statusDetails" : "selenium.common.exceptions.WebDriverException: Message: unknown error: net::ERR_CONNECTION_REFUSED\n  (Session info: headless chrome=92.0.4515.131)",
      "time" : {
        "start" : 1628605400988,
        "stop" : 1628605402195,
        "duration" : 1207
      }
    } ]
  },
  "060023d30fffe9a2f7368db593bb8284" : {
    "statistic" : {
      "failed" : 0,
      "broken" : 8,
      "skipped" : 0,
      "passed" : 1,
      "unknown" : 0,
      "total" : 9
    },
    "items" : [ {
      "uid" : "36a5a551bd9a7cb2",
      "reportUrl" : "https://avenhurkatolto.github.io/conduit-test/38//#testresult/36a5a551bd9a7cb2",
      "status" : "broken",
      "statusDetails" : "selenium.common.exceptions.WebDriverException: Message: unknown error: Chrome failed to start: exited abnormally.\n  (unknown error: DevToolsActivePort file doesn't exist)\n  (The process started from chrome location /snap/chromium/1691/usr/lib/chromium-browser/chrome is no longer running, so ChromeDriver is assuming that Chrome has crashed.)",
      "time" : {
        "start" : 1628619727655,
        "stop" : 1628619732286,
        "duration" : 4631
      }
    }, {
      "uid" : "559b0336efe7181f",
      "reportUrl" : "https://avenhurkatolto.github.io/conduit-test/37//#testresult/559b0336efe7181f",
      "status" : "passed",
      "time" : {
        "start" : 1628617080613,
        "stop" : 1628617107433,
        "duration" : 26820
      }
    }, {
      "uid" : "474bf56e5775fcfb",
      "reportUrl" : "https://avenhurkatolto.github.io/conduit-test/36//#testresult/474bf56e5775fcfb",
      "status" : "broken",
      "statusDetails" : "selenium.common.exceptions.NoSuchElementException: Message: no such element: Unable to locate element: {\"method\":\"css selector\",\"selector\":\"#app > div > div > div > div > form > fieldset:nth-child(1) > input\"}\n  (Session info: headless chrome=92.0.4515.131)",
      "time" : {
        "start" : 1628616730230,
        "stop" : 1628616740491,
        "duration" : 10261
      }
    }, {
      "uid" : "756c7c354d1bb0fd",
      "reportUrl" : "https://avenhurkatolto.github.io/conduit-test/35//#testresult/756c7c354d1bb0fd",
      "status" : "broken",
      "statusDetails" : "selenium.common.exceptions.NoSuchElementException: Message: no such element: Unable to locate element: {\"method\":\"css selector\",\"selector\":\"#app > div > div > div > div > form > fieldset:nth-child(1) > input\"}\n  (Session info: headless chrome=92.0.4515.131)",
      "time" : {
        "start" : 1628615293016,
        "stop" : 1628615301250,
        "duration" : 8234
      }
    }, {
      "uid" : "3d04cbe8ec2cbe99",
      "reportUrl" : "https://avenhurkatolto.github.io/conduit-test/34//#testresult/3d04cbe8ec2cbe99",
      "status" : "broken",
      "statusDetails" : "selenium.common.exceptions.ElementClickInterceptedException: Message: element click intercepted: Element <button type=\"submit\" class=\"btn btn-lg pull-xs-right btn-primary\">...</button> is not clickable at point (1334, 497). Other element would receive the click: <div class=\"swal-overlay swal-overlay--show-modal\" tabindex=\"-1\">...</div>\n  (Session info: headless chrome=92.0.4515.131)",
      "time" : {
        "start" : 1628613253754,
        "stop" : 1628613265883,
        "duration" : 12129
      }
    }, {
      "uid" : "d2d282a24019e64b",
      "reportUrl" : "https://avenhurkatolto.github.io/conduit-test/33//#testresult/d2d282a24019e64b",
      "status" : "broken",
      "statusDetails" : "selenium.common.exceptions.NoSuchElementException: Message: no such element: Unable to locate element: {\"method\":\"css selector\",\"selector\":\"#app > div > div > div > div > form > fieldset:nth-child(1) > input\"}\n  (Session info: headless chrome=92.0.4515.131)",
      "time" : {
        "start" : 1628607985762,
        "stop" : 1628607990253,
        "duration" : 4491
      }
    }, {
      "uid" : "f94c06c4cf3da0bf",
      "reportUrl" : "https://avenhurkatolto.github.io/conduit-test/32//#testresult/f94c06c4cf3da0bf",
      "status" : "broken",
      "statusDetails" : "selenium.common.exceptions.ElementClickInterceptedException: Message: element click intercepted: Element <button type=\"submit\" class=\"btn btn-lg pull-xs-right btn-primary\">...</button> is not clickable at point (592, 497). Other element would receive the click: <div class=\"swal-overlay swal-overlay--show-modal\" tabindex=\"-1\">...</div>\n  (Session info: headless chrome=92.0.4515.131)",
      "time" : {
        "start" : 1628606512411,
        "stop" : 1628606524533,
        "duration" : 12122
      }
    }, {
      "uid" : "f04678a6c4a988bb",
      "reportUrl" : "https://avenhurkatolto.github.io/conduit-test/31//#testresult/f04678a6c4a988bb",
      "status" : "broken",
      "statusDetails" : "selenium.common.exceptions.WebDriverException: Message: 'chromedriver' executable needs to be in PATH. Please see https://sites.google.com/a/chromium.org/chromedriver/home",
      "time" : {
        "start" : 1628605931831,
        "stop" : 1628605931833,
        "duration" : 2
      }
    }, {
      "uid" : "4f42877b83e6a906",
      "reportUrl" : "https://avenhurkatolto.github.io/conduit-test/30//#testresult/4f42877b83e6a906",
      "status" : "broken",
      "statusDetails" : "selenium.common.exceptions.WebDriverException: Message: 'chromedriver' executable needs to be in PATH. Please see https://sites.google.com/a/chromium.org/chromedriver/home",
      "time" : {
        "start" : 1628605400615,
        "stop" : 1628605400618,
        "duration" : 3
      }
    } ]
  },
  "5c2626a9677e3024c4629bb0a302c01e" : {
    "statistic" : {
      "failed" : 0,
      "broken" : 6,
      "skipped" : 0,
      "passed" : 3,
      "unknown" : 0,
      "total" : 9
    },
    "items" : [ {
      "uid" : "b3f6ea5007a96fbd",
      "reportUrl" : "https://avenhurkatolto.github.io/conduit-test/38//#testresult/b3f6ea5007a96fbd",
      "status" : "broken",
      "statusDetails" : "selenium.common.exceptions.WebDriverException: Message: unknown error: Chrome failed to start: exited abnormally.\n  (unknown error: DevToolsActivePort file doesn't exist)\n  (The process started from chrome location /snap/chromium/1691/usr/lib/chromium-browser/chrome is no longer running, so ChromeDriver is assuming that Chrome has crashed.)",
      "time" : {
        "start" : 1628619741893,
        "stop" : 1628619743007,
        "duration" : 1114
      }
    }, {
      "uid" : "47974799c3fc2918",
      "reportUrl" : "https://avenhurkatolto.github.io/conduit-test/37//#testresult/47974799c3fc2918",
      "status" : "passed",
      "time" : {
        "start" : 1628617231955,
        "stop" : 1628617262223,
        "duration" : 30268
      }
    }, {
      "uid" : "a7ce6ae2384f709e",
      "reportUrl" : "https://avenhurkatolto.github.io/conduit-test/36//#testresult/a7ce6ae2384f709e",
      "status" : "passed",
      "time" : {
        "start" : 1628616860688,
        "stop" : 1628616891267,
        "duration" : 30579
      }
    }, {
      "uid" : "d2c12abd90fe73d8",
      "reportUrl" : "https://avenhurkatolto.github.io/conduit-test/35//#testresult/d2c12abd90fe73d8",
      "status" : "passed",
      "time" : {
        "start" : 1628615359525,
        "stop" : 1628615390094,
        "duration" : 30569
      }
    }, {
      "uid" : "8b761a4fb16c903f",
      "reportUrl" : "https://avenhurkatolto.github.io/conduit-test/34//#testresult/8b761a4fb16c903f",
      "status" : "broken",
      "statusDetails" : "selenium.common.exceptions.ElementClickInterceptedException: Message: element click intercepted: Element <a href=\"#/login\" class=\"nav-link router-link-exact-active active\" aria-current=\"page\">...</a> is not clickable at point (1407, 26). Other element would receive the click: <div class=\"swal-overlay swal-overlay--show-modal\" tabindex=\"-1\">...</div>\n  (Session info: headless chrome=92.0.4515.131)",
      "time" : {
        "start" : 1628613342159,
        "stop" : 1628613355993,
        "duration" : 13834
      }
    }, {
      "uid" : "a60ac34120b8f7bb",
      "reportUrl" : "https://avenhurkatolto.github.io/conduit-test/33//#testresult/a60ac34120b8f7bb",
      "status" : "broken",
      "statusDetails" : "FileNotFoundError: [Errno 2] No such file or directory: 'input.txt'",
      "time" : {
        "start" : 1628608058180,
        "stop" : 1628608066016,
        "duration" : 7836
      }
    }, {
      "uid" : "c72db53c18ba4682",
      "reportUrl" : "https://avenhurkatolto.github.io/conduit-test/32//#testresult/c72db53c18ba4682",
      "status" : "broken",
      "statusDetails" : "FileNotFoundError: [Errno 2] No such file or directory: 'input.txt'",
      "time" : {
        "start" : 1628606591649,
        "stop" : 1628606599367,
        "duration" : 7718
      }
    }, {
      "uid" : "5af0d68c510255f",
      "reportUrl" : "https://avenhurkatolto.github.io/conduit-test/31//#testresult/5af0d68c510255f",
      "status" : "broken",
      "statusDetails" : "selenium.common.exceptions.WebDriverException: Message: 'chromedriver' executable needs to be in PATH. Please see https://sites.google.com/a/chromium.org/chromedriver/home",
      "time" : {
        "start" : 1628605940035,
        "stop" : 1628605940038,
        "duration" : 3
      }
    }, {
      "uid" : "92a503009251f14d",
      "reportUrl" : "https://avenhurkatolto.github.io/conduit-test/30//#testresult/92a503009251f14d",
      "status" : "broken",
      "statusDetails" : "selenium.common.exceptions.WebDriverException: Message: 'chromedriver' executable needs to be in PATH. Please see https://sites.google.com/a/chromium.org/chromedriver/home",
      "time" : {
        "start" : 1628605402438,
        "stop" : 1628605402440,
        "duration" : 2
      }
    } ]
  },
  "586e31dc82a9189f4570cc6a763db834" : {
    "statistic" : {
      "failed" : 0,
      "broken" : 0,
      "skipped" : 0,
      "passed" : 7,
      "unknown" : 0,
      "total" : 7
    },
    "items" : [ {
      "uid" : "ebcd71111055e080",
      "reportUrl" : "https://avenhurkatolto.github.io/conduit-test/34//#testresult/ebcd71111055e080",
      "status" : "passed",
      "time" : {
        "start" : 1628613243378,
        "stop" : 1628613253748,
        "duration" : 10370
      }
    }, {
      "uid" : "6cd384fc56b36327",
      "reportUrl" : "https://avenhurkatolto.github.io/conduit-test/33//#testresult/6cd384fc56b36327",
      "status" : "passed",
      "time" : {
        "start" : 1628607974923,
        "stop" : 1628607985753,
        "duration" : 10830
      }
    }, {
      "uid" : "2661c4a8c714165f",
      "reportUrl" : "https://avenhurkatolto.github.io/conduit-test/32//#testresult/2661c4a8c714165f",
      "status" : "passed",
      "time" : {
        "start" : 1628606501626,
        "stop" : 1628606512407,
        "duration" : 10781
      }
    }, {
      "uid" : "3830a3c21897ba46",
      "reportUrl" : "https://avenhurkatolto.github.io/conduit-test/31//#testresult/3830a3c21897ba46",
      "status" : "passed",
      "time" : {
        "start" : 1628605921184,
        "stop" : 1628605931827,
        "duration" : 10643
      }
    }, {
      "uid" : "4a13cea2b21e036f",
      "reportUrl" : "https://avenhurkatolto.github.io/conduit-test/30//#testresult/4a13cea2b21e036f",
      "status" : "passed",
      "time" : {
        "start" : 1628605389861,
        "stop" : 1628605400612,
        "duration" : 10751
      }
    }, {
      "uid" : "3f3d8d62c36ebb26",
      "reportUrl" : "https://avenhurkatolto.github.io/conduit-test/29//#testresult/3f3d8d62c36ebb26",
      "status" : "passed",
      "time" : {
        "start" : 1628516418034,
        "stop" : 1628516428388,
        "duration" : 10354
      }
    }, {
      "uid" : "9df20716e8d8aca8",
      "reportUrl" : "https://avenhurkatolto.github.io/conduit-test/28//#testresult/9df20716e8d8aca8",
      "status" : "passed",
      "time" : {
        "start" : 1628511622642,
        "stop" : 1628511633296,
        "duration" : 10654
      }
    } ]
  },
  "785ec36f7ad143dce1dc717384ddf197" : {
    "statistic" : {
      "failed" : 0,
      "broken" : 7,
      "skipped" : 0,
      "passed" : 2,
      "unknown" : 0,
      "total" : 9
    },
    "items" : [ {
      "uid" : "505d989eecc88121",
      "reportUrl" : "https://avenhurkatolto.github.io/conduit-test/38//#testresult/505d989eecc88121",
      "status" : "broken",
      "statusDetails" : "selenium.common.exceptions.WebDriverException: Message: unknown error: Chrome failed to start: exited abnormally.\n  (unknown error: DevToolsActivePort file doesn't exist)\n  (The process started from chrome location /snap/chromium/1691/usr/lib/chromium-browser/chrome is no longer running, so ChromeDriver is assuming that Chrome has crashed.)",
      "time" : {
        "start" : 1628619732363,
        "stop" : 1628619733536,
        "duration" : 1173
      }
    }, {
      "uid" : "21dbb2b127dd5bad",
      "reportUrl" : "https://avenhurkatolto.github.io/conduit-test/37//#testresult/21dbb2b127dd5bad",
      "status" : "passed",
      "time" : {
        "start" : 1628617107436,
        "stop" : 1628617134503,
        "duration" : 27067
      }
    }, {
      "uid" : "aeefdd2fd570b8a",
      "reportUrl" : "https://avenhurkatolto.github.io/conduit-test/36//#testresult/aeefdd2fd570b8a",
      "status" : "passed",
      "time" : {
        "start" : 1628616740562,
        "stop" : 1628616767690,
        "duration" : 27128
      }
    }, {
      "uid" : "d5e9c3ebdd0515c9",
      "reportUrl" : "https://avenhurkatolto.github.io/conduit-test/35//#testresult/d5e9c3ebdd0515c9",
      "status" : "broken",
      "statusDetails" : "selenium.common.exceptions.NoSuchElementException: Message: no such element: Unable to locate element: {\"method\":\"css selector\",\"selector\":\"#app > div > div > div > div > form > fieldset:nth-child(1) > input\"}\n  (Session info: headless chrome=92.0.4515.131)",
      "time" : {
        "start" : 1628615301342,
        "stop" : 1628615305784,
        "duration" : 4442
      }
    }, {
      "uid" : "7753b57587109bc3",
      "reportUrl" : "https://avenhurkatolto.github.io/conduit-test/34//#testresult/7753b57587109bc3",
      "status" : "broken",
      "statusDetails" : "selenium.common.exceptions.ElementClickInterceptedException: Message: element click intercepted: Element <button type=\"submit\" class=\"btn btn-lg pull-xs-right btn-primary\">...</button> is not clickable at point (1334, 497). Other element would receive the click: <div class=\"swal-overlay swal-overlay--show-modal\" tabindex=\"-1\">...</div>\n  (Session info: headless chrome=92.0.4515.131)",
      "time" : {
        "start" : 1628613266025,
        "stop" : 1628613278164,
        "duration" : 12139
      }
    }, {
      "uid" : "e09e4faea6357620",
      "reportUrl" : "https://avenhurkatolto.github.io/conduit-test/33//#testresult/e09e4faea6357620",
      "status" : "broken",
      "statusDetails" : "selenium.common.exceptions.ElementClickInterceptedException: Message: element click intercepted: Element <button type=\"submit\" class=\"btn btn-lg pull-xs-right btn-primary\">...</button> is not clickable at point (592, 497). Other element would receive the click: <div class=\"swal-overlay swal-overlay--show-modal\" tabindex=\"-1\">...</div>\n  (Session info: headless chrome=92.0.4515.131)",
      "time" : {
        "start" : 1628607990409,
        "stop" : 1628608002633,
        "duration" : 12224
      }
    }, {
      "uid" : "2a6b070210dd8853",
      "reportUrl" : "https://avenhurkatolto.github.io/conduit-test/32//#testresult/2a6b070210dd8853",
      "status" : "broken",
      "statusDetails" : "selenium.common.exceptions.ElementClickInterceptedException: Message: element click intercepted: Element <button type=\"submit\" class=\"btn btn-lg pull-xs-right btn-primary\">...</button> is not clickable at point (592, 497). Other element would receive the click: <div class=\"swal-overlay swal-overlay--show-modal\" tabindex=\"-1\">...</div>\n  (Session info: headless chrome=92.0.4515.131)",
      "time" : {
        "start" : 1628606524676,
        "stop" : 1628606536763,
        "duration" : 12087
      }
    }, {
      "uid" : "7e468652cce3517f",
      "reportUrl" : "https://avenhurkatolto.github.io/conduit-test/31//#testresult/7e468652cce3517f",
      "status" : "broken",
      "statusDetails" : "selenium.common.exceptions.WebDriverException: Message: 'chromedriver' executable needs to be in PATH. Please see https://sites.google.com/a/chromium.org/chromedriver/home",
      "time" : {
        "start" : 1628605931986,
        "stop" : 1628605931988,
        "duration" : 2
      }
    }, {
      "uid" : "15aacb76fc70ba00",
      "reportUrl" : "https://avenhurkatolto.github.io/conduit-test/30//#testresult/15aacb76fc70ba00",
      "status" : "broken",
      "statusDetails" : "selenium.common.exceptions.WebDriverException: Message: 'chromedriver' executable needs to be in PATH. Please see https://sites.google.com/a/chromium.org/chromedriver/home",
      "time" : {
        "start" : 1628605400786,
        "stop" : 1628605400788,
        "duration" : 2
      }
    } ]
  },
  "e567a95de508dd5bf0cfbffbadbd97ba" : {
    "statistic" : {
      "failed" : 0,
      "broken" : 6,
      "skipped" : 0,
      "passed" : 3,
      "unknown" : 0,
      "total" : 9
    },
    "items" : [ {
      "uid" : "eb2257b04e108513",
      "reportUrl" : "https://avenhurkatolto.github.io/conduit-test/38//#testresult/eb2257b04e108513",
      "status" : "broken",
      "statusDetails" : "selenium.common.exceptions.WebDriverException: Message: unknown error: Chrome failed to start: exited abnormally.\n  (unknown error: DevToolsActivePort file doesn't exist)\n  (The process started from chrome location /snap/chromium/1691/usr/lib/chromium-browser/chrome is no longer running, so ChromeDriver is assuming that Chrome has crashed.)",
      "time" : {
        "start" : 1628619734777,
        "stop" : 1628619735943,
        "duration" : 1166
      }
    }, {
      "uid" : "b1dca9e5612b233d",
      "reportUrl" : "https://avenhurkatolto.github.io/conduit-test/37//#testresult/b1dca9e5612b233d",
      "status" : "passed",
      "time" : {
        "start" : 1628617166960,
        "stop" : 1628617180027,
        "duration" : 13067
      }
    }, {
      "uid" : "74e7873cc4dafb97",
      "reportUrl" : "https://avenhurkatolto.github.io/conduit-test/36//#testresult/74e7873cc4dafb97",
      "status" : "passed",
      "time" : {
        "start" : 1628616800225,
        "stop" : 1628616813429,
        "duration" : 13204
      }
    }, {
      "uid" : "d1f2687b944e2d9a",
      "reportUrl" : "https://avenhurkatolto.github.io/conduit-test/35//#testresult/d1f2687b944e2d9a",
      "status" : "passed",
      "time" : {
        "start" : 1628615310439,
        "stop" : 1628615323774,
        "duration" : 13335
      }
    }, {
      "uid" : "54a77108c2c25bac",
      "reportUrl" : "https://avenhurkatolto.github.io/conduit-test/34//#testresult/54a77108c2c25bac",
      "status" : "broken",
      "statusDetails" : "IndexError: list index out of range",
      "time" : {
        "start" : 1628613294464,
        "stop" : 1628613307175,
        "duration" : 12711
      }
    }, {
      "uid" : "58dd80834993af37",
      "reportUrl" : "https://avenhurkatolto.github.io/conduit-test/33//#testresult/58dd80834993af37",
      "status" : "broken",
      "statusDetails" : "IndexError: list index out of range",
      "time" : {
        "start" : 1628608019003,
        "stop" : 1628608031830,
        "duration" : 12827
      }
    }, {
      "uid" : "8a200f2d5d93d444",
      "reportUrl" : "https://avenhurkatolto.github.io/conduit-test/32//#testresult/8a200f2d5d93d444",
      "status" : "broken",
      "statusDetails" : "IndexError: list index out of range",
      "time" : {
        "start" : 1628606552897,
        "stop" : 1628606565610,
        "duration" : 12713
      }
    }, {
      "uid" : "b9ae2031f8f2a7ce",
      "reportUrl" : "https://avenhurkatolto.github.io/conduit-test/31//#testresult/b9ae2031f8f2a7ce",
      "status" : "broken",
      "statusDetails" : "selenium.common.exceptions.WebDriverException: Message: 'chromedriver' executable needs to be in PATH. Please see https://sites.google.com/a/chromium.org/chromedriver/home",
      "time" : {
        "start" : 1628605932106,
        "stop" : 1628605932109,
        "duration" : 3
      }
    }, {
      "uid" : "5a6c47fae6832233",
      "reportUrl" : "https://avenhurkatolto.github.io/conduit-test/30//#testresult/5a6c47fae6832233",
      "status" : "broken",
      "statusDetails" : "selenium.common.exceptions.WebDriverException: Message: 'chromedriver' executable needs to be in PATH. Please see https://sites.google.com/a/chromium.org/chromedriver/home",
      "time" : {
        "start" : 1628605400918,
        "stop" : 1628605400920,
        "duration" : 2
      }
    } ]
  }
}